#
# A fatal error has been detected by the Java Runtime Environment:
#
#  EXCEPTION_ACCESS_VIOLATION (0xc0000005) at pc=0x00007ffc4f6a6557, pid=3616, tid=14456
#
# JRE version: OpenJDK Runtime Environment Zulu17.46+19-CA (17.0.9+8) (build 17.0.9+8-LTS)
# Java VM: OpenJDK 64-Bit Server VM Zulu17.46+19-CA (17.0.9+8-LTS, mixed mode, sharing, tiered, compressed oops, compressed class ptrs, g1 gc, windows-amd64)
# Problematic frame:
# C  [glass.dll+0x26557]
#
# No core dump will be written. Minidumps are not enabled by default on client versions of Windows
#
# If you would like to submit a bug report, please visit:
#   http://www.azul.com/support/
#

---------------  S U M M A R Y ------------

Command Line: -javaagent:C:\Program Files\JetBrains\IntelliJ IDEA Community Edition 2023.3\lib\idea_rt.jar=52815:C:\Program Files\JetBrains\IntelliJ IDEA Community Edition 2023.3\bin -Dfile.encoding=UTF-8 org.example.Client

Host: Intel(R) Core(TM) i7-7820HQ CPU @ 2.90GHz, 8 cores, 15G,  Windows 10 , 64 bit Build 19041 (10.0.19041.3636)
Time: Wed Feb  7 20:46:18 2024 Egypt Standard Time elapsed time: 23.984990 seconds (0d 0h 0m 23s)

---------------  T H R E A D  ---------------

Current thread (0x000001f35d273450):  VMThread "VM Thread" [stack: 0x0000009d1a600000,0x0000009d1a700000] [id=14456]

Stack: [0x0000009d1a600000,0x0000009d1a700000],  sp=0x0000009d1a6ff080,  free space=1020k
Native frames: (J=compiled Java code, j=interpreted, Vv=VM code, C=native code)
C  [glass.dll+0x26557]


siginfo: EXCEPTION_ACCESS_VIOLATION (0xc0000005), reading address 0x0000000000000000


Registers:
RAX=0x0000000000000000, RBX=0x000001f35d27e038, RCX=0x000001f35d273450, RDX=0x0000009d1a6ff080
RSP=0x0000009d1a6ff080, RBP=0x000001f3a3088aa8, RSI=0x000001f3a3088a80, RDI=0x0000103a80dc3135
R8 =0x0000000000010002, R9 =0x0000103a80dc3135, R10=0x0000000000008000, R11=0x0000009d1a6ff010
R12=0x00007ffc4f6a3ea0, R13=0x00007ffc0d4b30a0, R14=0x0000009d1a6ff178, R15=0x000001f3a3088a80
RIP=0x00007ffc4f6a6557, EFLAGS=0x0000000000010206


Register to memory mapping:

RIP=0x00007ffc4f6a6557 glass.dll
RAX=0x0 is NULL
RBX=0x000001f35d27e038 is a global jni handle
RCX=0x000001f35d273450 points into unknown readable memory: 0x00007ffc0d2e2650 | 50 26 2e 0d fc 7f 00 00
RDX=0x0000009d1a6ff080 points into unknown readable memory: 0x0000000000000000 | 00 00 00 00 00 00 00 00
RSP=0x0000009d1a6ff080 points into unknown readable memory: 0x0000000000000000 | 00 00 00 00 00 00 00 00
RBP=0x000001f3a3088aa8 points into unknown readable memory: 0x0000103a80dc3135 | 35 31 dc 80 3a 10 00 00
RSI=0x000001f3a3088a80 points into unknown readable memory: 0x370010357f55dc72 | 72 dc 55 7f 35 10 00 37
RDI=0x0000103a80dc3135 is an unknown value
R8 =0x0000000000010002 is an unknown value
R9 =0x0000103a80dc3135 is an unknown value
R10=0x0000000000008000 is an unknown value
R11=0x0000009d1a6ff010 points into unknown readable memory: 0x000001f3a3088a80 | 80 8a 08 a3 f3 01 00 00
R12=0x00007ffc4f6a3ea0 glass.dll
R13=0x00007ffc0d4b30a0 jvm.dll
R14=0x0000009d1a6ff178 points into unknown readable memory: 0x0000009d1a6ff160 | 60 f1 6f 1a 9d 00 00 00
R15=0x000001f3a3088a80 points into unknown readable memory: 0x370010357f55dc72 | 72 dc 55 7f 35 10 00 37


Top of Stack: (sp=0x0000009d1a6ff080)
0x0000009d1a6ff080:   0000000000000000 000001f3a3088a80
0x0000009d1a6ff090:   00007ffc0d4b30a0 00007ffc4f6a3ea0
0x0000009d1a6ff0a0:   000001f3a3088a88 00007ffc7f8942d6
0x0000009d1a6ff0b0:   0000103a80dc3135 000001f300000000
0x0000009d1a6ff0c0:   000001f3a3088aa8 000001f3a3088a80
0x0000009d1a6ff0d0:   fffffffffffffffe 0000000000000000
0x0000009d1a6ff0e0:   0000000000000001 00007ffc4f680000
0x0000009d1a6ff0f0:   0000009d1a6ff168 00007ffc7f8941fb
0x0000009d1a6ff100:   0000000000000000 0000009d1a6ff178
0x0000009d1a6ff110:   0000009d1a6ff450 00007ffc7f970e40
0x0000009d1a6ff120:   0000000000000001 00007ffc7f8941b4
0x0000009d1a6ff130:   0000000000000000 0000000000000001
0x0000009d1a6ff140:   00007ffc00000001 0000009d1a6ff168
0x0000009d1a6ff150:   0000000000000000 00007ffc4f6a3d2d
0x0000009d1a6ff160:   00007ffc4f6ba008 00007ffc00000002
0x0000009d1a6ff170:   0000000000000002 0000009d1a6ff160
0x0000009d1a6ff180:   0000000000000000 00007ffc81949993
0x0000009d1a6ff190:   0000000000000000 00007ffc4f6a3e52
0x0000009d1a6ff1a0:   0000000000000001 0000000000000000
0x0000009d1a6ff1b0:   0000000000000010 0000000000000001
0x0000009d1a6ff1c0:   00007ffc6e88b2f0 0000000000000000
0x0000009d1a6ff1d0:   0000000000000001 00007ffc6e88b810
0x0000009d1a6ff1e0:   00007ffc4f680000 000000007ffe0384
0x0000009d1a6ff1f0:   0000000000000000 00007ffc81949a1d
0x0000009d1a6ff200:   00007ffc4f680000 0000000000000000
0x0000009d1a6ff210:   0000000000000001 000000007ffe0385
0x0000009d1a6ff220:   0000000000000000 00007ffc8198de41
0x0000009d1a6ff230:   0000fbe6fe8dfb00 0000000000000014
0x0000009d1a6ff240:   00007ffc4f6a3ea0 0000000000000000
0x0000009d1a6ff250:   0000000000000000 0000009d19b8d000
0x0000009d1a6ff260:   000001f3a3084410 00007ffc8198dcda
0x0000009d1a6ff270:   000001f3a3084060 00007ffc4f680000 

Instructions: (pc=0x00007ffc4f6a6557)
0x00007ffc4f6a6457:   8b 4d 58 e8 8d cf ff ff 48 8b 4d 60 e8 84 cf ff
0x00007ffc4f6a6467:   ff 48 8b 95 80 00 00 00 48 8b 8d 18 01 00 00 e8
0x00007ffc4f6a6477:   76 c4 ff ff 33 d2 33 c9 e8 cc e1 ff ff 90 48 89
0x00007ffc4f6a6487:   54 24 10 55 48 83 ec 20 48 8b ea 48 b8 00 00 00
0x00007ffc4f6a6497:   00 00 00 00 00 48 83 c4 20 5d c3 cc 40 55 48 8b
0x00007ffc4f6a64a7:   ea 48 8b 01 33 c9 81 38 05 00 00 c0 0f 94 c1 8b
0x00007ffc4f6a64b7:   c1 5d c3 cc 40 55 48 83 ec 20 48 8b ea 8a 4d 40
0x00007ffc4f6a64c7:   48 83 c4 20 5d e9 73 d3 ff ff cc 40 55 48 83 ec
0x00007ffc4f6a64d7:   20 48 8b ea 8a 4d 20 e8 61 d3 ff ff 90 48 83 c4
0x00007ffc4f6a64e7:   20 5d c3 cc 40 55 48 83 ec 20 48 8b ea 48 83 c4
0x00007ffc4f6a64f7:   20 5d e9 c2 d1 ff ff cc 40 55 48 83 ec 30 48 8b
0x00007ffc4f6a6507:   ea 48 8b 01 8b 10 48 89 4c 24 28 89 54 24 20 4c
0x00007ffc4f6a6517:   8d 0d 63 d6 ff ff 4c 8b 45 70 8b 55 68 48 8b 4d
0x00007ffc4f6a6527:   60 e8 03 d1 ff ff 90 48 83 c4 30 5d c3 cc cc cc
0x00007ffc4f6a6537:   cc cc cc cc cc cc cc cc cc 40 53 48 83 ec 20 48
0x00007ffc4f6a6547:   8b 1d bb 34 01 00 48 85 db 74 16 e8 89 8f ff ff
0x00007ffc4f6a6557:   4c 8b 00 48 8b d3 48 8b c8 41 ff 90 b0 00 00 00
0x00007ffc4f6a6567:   90 48 83 c4 20 5b c3 cc cc 40 53 48 83 ec 20 48
0x00007ffc4f6a6577:   8b 1d 2b 36 01 00 48 85 db 74 57 b8 ff ff ff ff
0x00007ffc4f6a6587:   f0 0f c1 43 10 83 f8 01 75 3d 48 85 db 74 38 48
0x00007ffc4f6a6597:   8b 0b 48 85 c9 74 0d ff 15 04 0d 00 00 48 c7 03
0x00007ffc4f6a65a7:   00 00 00 00 48 8b 4b 08 48 85 c9 74 0d e8 33 ce
0x00007ffc4f6a65b7:   ff ff 48 c7 43 08 00 00 00 00 ba 18 00 00 00 48
0x00007ffc4f6a65c7:   8b cb e8 1e ce ff ff 48 c7 05 cf 35 01 00 00 00
0x00007ffc4f6a65d7:   00 00 48 83 c4 20 5b c3 cc 40 53 48 83 ec 20 48
0x00007ffc4f6a65e7:   8b 1d 9b 35 01 00 48 85 db 74 57 b8 ff ff ff ff
0x00007ffc4f6a65f7:   f0 0f c1 43 10 83 f8 01 75 3d 48 85 db 74 38 48
0x00007ffc4f6a6607:   8b 0b 48 85 c9 74 0d ff 15 94 0c 00 00 48 c7 03
0x00007ffc4f6a6617:   00 00 00 00 48 8b 4b 08 48 85 c9 74 0d e8 c3 cd
0x00007ffc4f6a6627:   ff ff 48 c7 43 08 00 00 00 00 ba 18 00 00 00 48
0x00007ffc4f6a6637:   8b cb e8 ae cd ff ff 48 c7 05 3f 35 01 00 00 00
0x00007ffc4f6a6647:   00 00 48 83 c4 20 5b c3 cc 40 53 48 83 ec 20 48 


Stack slot to memory mapping:
stack at sp + 0 slots: 0x0 is NULL
stack at sp + 1 slots: 0x000001f3a3088a80 points into unknown readable memory: 0x370010357f55dc72 | 72 dc 55 7f 35 10 00 37
stack at sp + 2 slots: 0x00007ffc0d4b30a0 jvm.dll
stack at sp + 3 slots: 0x00007ffc4f6a3ea0 glass.dll
stack at sp + 4 slots: 0x000001f3a3088a88 points into unknown readable memory: 0x0000103a80dc3135 | 35 31 dc 80 3a 10 00 00
stack at sp + 5 slots: 0x00007ffc7f8942d6 ucrtbase.dll
stack at sp + 6 slots: 0x0000103a80dc3135 is an unknown value
stack at sp + 7 slots: 0x000001f300000000 is an unknown value

VM_Operation (0x0000009d1b7fca60): Exit, mode: safepoint, requested by thread 0x000001f35d3a3350


---------------  P R O C E S S  ---------------

Threads class SMR info:
_java_thread_list=0x000001f3a32dfcc0, length=26, elements={
0x000001f339163c60, 0x000001f35d27a730, 0x000001f35d27b4d0, 0x000001f35d289ad0,
0x000001f35d28b5c0, 0x000001f35d28e650, 0x000001f35d394090, 0x000001f35d39c260,
0x000001f35d39cc30, 0x000001f35d3a14f0, 0x000001f35d3a2420, 0x000001f35d3a2930,
0x000001f35d3a1a00, 0x000001f35d3a1f10, 0x000001f35d3a2e40, 0x000001f35d3a3350,
0x000001f35d3a3860, 0x000001f35d3a3d70, 0x000001f35d3a05c0, 0x000001f35d3a0ad0,
0x000001f35d3a0fe0, 0x000001f3a88ac790, 0x000001f3a88b1890, 0x000001f3a88b0e70,
0x000001f3a88b1380, 0x000001f3a88b1da0
}

Java Threads: ( => current thread )
  0x000001f339163c60 JavaThread "main" [_thread_blocked, id=8804, stack(0x0000009d1a000000,0x0000009d1a100000)]
  0x000001f35d27a730 JavaThread "Reference Handler" daemon [_thread_blocked, id=3240, stack(0x0000009d1a700000,0x0000009d1a800000)]
  0x000001f35d27b4d0 JavaThread "Finalizer" daemon [_thread_blocked, id=5776, stack(0x0000009d1a800000,0x0000009d1a900000)]
  0x000001f35d289ad0 JavaThread "Signal Dispatcher" daemon [_thread_blocked, id=1168, stack(0x0000009d1a900000,0x0000009d1aa00000)]
  0x000001f35d28b5c0 JavaThread "Attach Listener" daemon [_thread_blocked, id=2676, stack(0x0000009d1aa00000,0x0000009d1ab00000)]
  0x000001f35d28e650 JavaThread "Service Thread" daemon [_thread_blocked, id=1544, stack(0x0000009d1ab00000,0x0000009d1ac00000)]
  0x000001f35d394090 JavaThread "Monitor Deflation Thread" daemon [_thread_blocked, id=13964, stack(0x0000009d1ac00000,0x0000009d1ad00000)]
  0x000001f35d39c260 JavaThread "C2 CompilerThread0" daemon [_thread_blocked, id=1668, stack(0x0000009d1ad00000,0x0000009d1ae00000)]
  0x000001f35d39cc30 JavaThread "C1 CompilerThread0" daemon [_thread_blocked, id=4688, stack(0x0000009d1ae00000,0x0000009d1af00000)]
  0x000001f35d3a14f0 JavaThread "Sweeper thread" daemon [_thread_blocked, id=4372, stack(0x0000009d1af00000,0x0000009d1b000000)]
  0x000001f35d3a2420 JavaThread "Common-Cleaner" daemon [_thread_blocked, id=10332, stack(0x0000009d1b000000,0x0000009d1b100000)]
  0x000001f35d3a2930 JavaThread "Monitor Ctrl-Break" daemon [_thread_in_native, id=1652, stack(0x0000009d1b200000,0x0000009d1b300000)]
  0x000001f35d3a1a00 JavaThread "Notification Thread" daemon [_thread_blocked, id=10496, stack(0x0000009d1b300000,0x0000009d1b400000)]
  0x000001f35d3a1f10 JavaThread "QuantumRenderer-0" daemon [_thread_blocked, id=14436, stack(0x0000009d1b500000,0x0000009d1b600000)]
  0x000001f35d3a2e40 JavaThread "InvokeLaterDispatcher" daemon [_thread_blocked, id=448, stack(0x0000009d1b600000,0x0000009d1b700000)]
  0x000001f35d3a3350 JavaThread "JavaFX Application Thread" [_thread_blocked, id=13092, stack(0x0000009d1b700000,0x0000009d1b800000)]
  0x000001f35d3a3860 JavaThread "JavaFX-Launcher" [_thread_blocked, id=5956, stack(0x0000009d1bc00000,0x0000009d1bd00000)]
  0x000001f35d3a3d70 JavaThread "Thread-2" daemon [_thread_in_native, id=9368, stack(0x0000009d1bb00000,0x0000009d1bc00000)]
  0x000001f35d3a05c0 JavaThread "RMI Scheduler(0)" daemon [_thread_blocked, id=6568, stack(0x0000009d1b100000,0x0000009d1b200000)]
  0x000001f35d3a0ad0 JavaThread "RMI RenewClean-[192.168.102.1:52411]" daemon [_thread_blocked, id=14472, stack(0x0000009d1c100000,0x0000009d1c200000)]
  0x000001f35d3a0fe0 JavaThread "RMI GC Daemon" daemon [_thread_blocked, id=9352, stack(0x0000009d1c200000,0x0000009d1c300000)]
  0x000001f3a88ac790 JavaThread "Prism Font Disposer" daemon [_thread_blocked, id=14840, stack(0x0000009d1d000000,0x0000009d1d100000)]
  0x000001f3a88b1890 JavaThread "Cleaner-0" daemon [_thread_blocked, id=5780, stack(0x0000009d1d100000,0x0000009d1d200000)]
  0x000001f3a88b0e70 JavaThread "RMI TCP Accept-0" daemon [_thread_in_native, id=14900, stack(0x0000009d1c300000,0x0000009d1c400000)]
  0x000001f3a88b1380 JavaThread "RMI Reaper" [_thread_blocked, id=12348, stack(0x0000009d1c400000,0x0000009d1c500000)]
  0x000001f3a88b1da0 JavaThread "RMI TCP Connection(1)-192.168.102.1" daemon [_thread_in_native, id=12852, stack(0x0000009d1d200000,0x0000009d1d300000)]

Other Threads:
=>0x000001f35d273450 VMThread "VM Thread" [stack: 0x0000009d1a600000,0x0000009d1a700000] [id=14456]
  0x000001f3391cda90 GCTaskThread "GC Thread#0" [stack: 0x0000009d1a100000,0x0000009d1a200000] [id=7240]
  0x000001f3a345aed0 GCTaskThread "GC Thread#1" [stack: 0x0000009d1c500000,0x0000009d1c600000] [id=14512]
  0x000001f3a8c0dcb0 GCTaskThread "GC Thread#2" [stack: 0x0000009d1c600000,0x0000009d1c700000] [id=12024]
  0x000001f3a8adec40 GCTaskThread "GC Thread#3" [stack: 0x0000009d1c700000,0x0000009d1c800000] [id=10188]
  0x000001f3a8ade6a0 GCTaskThread "GC Thread#4" [stack: 0x0000009d1c800000,0x0000009d1c900000] [id=10204]
  0x000001f3a8ade970 GCTaskThread "GC Thread#5" [stack: 0x0000009d1c900000,0x0000009d1ca00000] [id=2024]
  0x000001f3a8adef10 GCTaskThread "GC Thread#6" [stack: 0x0000009d1ca00000,0x0000009d1cb00000] [id=14024]
  0x000001f3a8adde30 GCTaskThread "GC Thread#7" [stack: 0x0000009d1cb00000,0x0000009d1cc00000] [id=2996]
  0x000001f3391e0730 ConcurrentGCThread "G1 Main Marker" terminated
  0x000001f3391e1800 ConcurrentGCThread "G1 Conc#0" [stack: 0x0000009d1a300000,0x0000009d1a400000] [id=5064]
  0x000001f33921e2c0 ConcurrentGCThread "G1 Refine#0" terminated
  0x000001f3a36dd090 ConcurrentGCThread "G1 Refine#1" terminated
  0x000001f3a36dbb90 ConcurrentGCThread "G1 Refine#2" terminated
  0x000001f3a36dd390 ConcurrentGCThread "G1 Refine#3" terminated
  0x000001f3a36dbe90 ConcurrentGCThread "G1 Refine#4" terminated
  0x000001f33921ec10 ConcurrentGCThread "G1 Service" terminated

Threads with active compile tasks:

VM state: at safepoint (shutting down)

VM Mutex/Monitor currently owned by a thread:  ([mutex/lock_event])
[0x000001f33915c870] Threads_lock - owner thread: 0x000001f35d273450
[0x000001f33915bca0] Heap_lock - owner thread: 0x000001f35d3a3350

Heap address: 0x0000000701e00000, size: 4066 MB, Compressed Oops mode: Zero based, Oop shift amount: 3

CDS archive(s) mapped at: [0x000001f35e000000-0x000001f35ebe0000-0x000001f35ebe0000), size 12451840, SharedBaseAddress: 0x000001f35e000000, ArchiveRelocationMode: 1.
Compressed class space mapped at: 0x000001f35f000000-0x000001f39f000000, reserved size: 1073741824
Narrow klass base: 0x000001f35e000000, Narrow klass shift: 0, Narrow klass range: 0x100000000

GC Precious Log:
 CPUs: 8 total, 8 available
 Memory: 16259M
 Large Page Support: Disabled
 NUMA Support: Disabled
 Compressed Oops: Enabled (Zero based)
 Heap Region Size: 2M
 Heap Min Capacity: 8M
 Heap Initial Capacity: 256M
 Heap Max Capacity: 4066M
 Pre-touch: Disabled
 Parallel Workers: 8
 Concurrent Workers: 2
 Concurrent Refinement Workers: 8
 Periodic GC: Disabled

Heap:
 garbage-first heap   total 262144K, used 21139K [0x0000000701e00000, 0x0000000800000000)
  region size 2048K, 6 young (12288K), 1 survivors (2048K)
 Metaspace       used 19433K, committed 19776K, reserved 1114112K
  class space    used 2878K, committed 3072K, reserved 1048576K

Heap Regions: E=young(eden), S=young(survivor), O=old, HS=humongous(starts), HC=humongous(continues), CS=collection set, F=free, OA=open archive, CA=closed archive, TAMS=top-at-mark-start (previous, next)
|   0|0x0000000701e00000, 0x0000000702000000, 0x0000000702000000|100%| O|  |TAMS 0x0000000701e00000, 0x0000000701e00000| Untracked 
|   1|0x0000000702000000, 0x0000000702200000, 0x0000000702200000|100%| O|  |TAMS 0x0000000702000000, 0x0000000702000000| Untracked 
|   2|0x0000000702200000, 0x0000000702400000, 0x0000000702400000|100%|HS|  |TAMS 0x0000000702200000, 0x0000000702200000| Complete 
|   3|0x0000000702400000, 0x0000000702600000, 0x0000000702600000|100%| O|  |TAMS 0x0000000702400000, 0x0000000702400000| Untracked 
|   4|0x0000000702600000, 0x0000000702800000, 0x0000000702800000|100%| O|  |TAMS 0x0000000702600000, 0x0000000702600000| Untracked 
|   5|0x0000000702800000, 0x00000007028a4e00, 0x0000000702a00000| 32%| O|  |TAMS 0x0000000702800000, 0x0000000702800000| Untracked 
|   6|0x0000000702a00000, 0x0000000702a00000, 0x0000000702c00000|  0%| F|  |TAMS 0x0000000702a00000, 0x0000000702a00000| Untracked 
|   7|0x0000000702c00000, 0x0000000702c00000, 0x0000000702e00000|  0%| F|  |TAMS 0x0000000702c00000, 0x0000000702c00000| Untracked 
|   8|0x0000000702e00000, 0x0000000702e00000, 0x0000000703000000|  0%| F|  |TAMS 0x0000000702e00000, 0x0000000702e00000| Untracked 
|   9|0x0000000703000000, 0x0000000703000000, 0x0000000703200000|  0%| F|  |TAMS 0x0000000703000000, 0x0000000703000000| Untracked 
|  10|0x0000000703200000, 0x0000000703200000, 0x0000000703400000|  0%| F|  |TAMS 0x0000000703200000, 0x0000000703200000| Untracked 
|  11|0x0000000703400000, 0x0000000703400000, 0x0000000703600000|  0%| F|  |TAMS 0x0000000703400000, 0x0000000703400000| Untracked 
|  12|0x0000000703600000, 0x0000000703600000, 0x0000000703800000|  0%| F|  |TAMS 0x0000000703600000, 0x0000000703600000| Untracked 
|  13|0x0000000703800000, 0x0000000703800000, 0x0000000703a00000|  0%| F|  |TAMS 0x0000000703800000, 0x0000000703800000| Untracked 
|  14|0x0000000703a00000, 0x0000000703a00000, 0x0000000703c00000|  0%| F|  |TAMS 0x0000000703a00000, 0x0000000703a00000| Untracked 
|  15|0x0000000703c00000, 0x0000000703c00000, 0x0000000703e00000|  0%| F|  |TAMS 0x0000000703c00000, 0x0000000703c00000| Untracked 
|  16|0x0000000703e00000, 0x0000000703e00000, 0x0000000704000000|  0%| F|  |TAMS 0x0000000703e00000, 0x0000000703e00000| Untracked 
|  17|0x0000000704000000, 0x0000000704000000, 0x0000000704200000|  0%| F|  |TAMS 0x0000000704000000, 0x0000000704000000| Untracked 
|  18|0x0000000704200000, 0x0000000704200000, 0x0000000704400000|  0%| F|  |TAMS 0x0000000704200000, 0x0000000704200000| Untracked 
|  19|0x0000000704400000, 0x0000000704400000, 0x0000000704600000|  0%| F|  |TAMS 0x0000000704400000, 0x0000000704400000| Untracked 
|  20|0x0000000704600000, 0x0000000704600000, 0x0000000704800000|  0%| F|  |TAMS 0x0000000704600000, 0x0000000704600000| Untracked 
|  21|0x0000000704800000, 0x0000000704800000, 0x0000000704a00000|  0%| F|  |TAMS 0x0000000704800000, 0x0000000704800000| Untracked 
|  22|0x0000000704a00000, 0x0000000704a00000, 0x0000000704c00000|  0%| F|  |TAMS 0x0000000704a00000, 0x0000000704a00000| Untracked 
|  23|0x0000000704c00000, 0x0000000704c00000, 0x0000000704e00000|  0%| F|  |TAMS 0x0000000704c00000, 0x0000000704c00000| Untracked 
|  24|0x0000000704e00000, 0x0000000704e00000, 0x0000000705000000|  0%| F|  |TAMS 0x0000000704e00000, 0x0000000704e00000| Untracked 
|  25|0x0000000705000000, 0x0000000705000000, 0x0000000705200000|  0%| F|  |TAMS 0x0000000705000000, 0x0000000705000000| Untracked 
|  26|0x0000000705200000, 0x0000000705200000, 0x0000000705400000|  0%| F|  |TAMS 0x0000000705200000, 0x0000000705200000| Untracked 
|  27|0x0000000705400000, 0x0000000705400000, 0x0000000705600000|  0%| F|  |TAMS 0x0000000705400000, 0x0000000705400000| Untracked 
|  28|0x0000000705600000, 0x0000000705600000, 0x0000000705800000|  0%| F|  |TAMS 0x0000000705600000, 0x0000000705600000| Untracked 
|  29|0x0000000705800000, 0x0000000705800000, 0x0000000705a00000|  0%| F|  |TAMS 0x0000000705800000, 0x0000000705800000| Untracked 
|  30|0x0000000705a00000, 0x0000000705a00000, 0x0000000705c00000|  0%| F|  |TAMS 0x0000000705a00000, 0x0000000705a00000| Untracked 
|  31|0x0000000705c00000, 0x0000000705c00000, 0x0000000705e00000|  0%| F|  |TAMS 0x0000000705c00000, 0x0000000705c00000| Untracked 
|  32|0x0000000705e00000, 0x0000000705e00000, 0x0000000706000000|  0%| F|  |TAMS 0x0000000705e00000, 0x0000000705e00000| Untracked 
|  33|0x0000000706000000, 0x0000000706000000, 0x0000000706200000|  0%| F|  |TAMS 0x0000000706000000, 0x0000000706000000| Untracked 
|  34|0x0000000706200000, 0x0000000706200000, 0x0000000706400000|  0%| F|  |TAMS 0x0000000706200000, 0x0000000706200000| Untracked 
|  35|0x0000000706400000, 0x0000000706400000, 0x0000000706600000|  0%| F|  |TAMS 0x0000000706400000, 0x0000000706400000| Untracked 
|  36|0x0000000706600000, 0x0000000706600000, 0x0000000706800000|  0%| F|  |TAMS 0x0000000706600000, 0x0000000706600000| Untracked 
|  37|0x0000000706800000, 0x0000000706800000, 0x0000000706a00000|  0%| F|  |TAMS 0x0000000706800000, 0x0000000706800000| Untracked 
|  38|0x0000000706a00000, 0x0000000706a00000, 0x0000000706c00000|  0%| F|  |TAMS 0x0000000706a00000, 0x0000000706a00000| Untracked 
|  39|0x0000000706c00000, 0x0000000706c00000, 0x0000000706e00000|  0%| F|  |TAMS 0x0000000706c00000, 0x0000000706c00000| Untracked 
|  40|0x0000000706e00000, 0x0000000706e00000, 0x0000000707000000|  0%| F|  |TAMS 0x0000000706e00000, 0x0000000706e00000| Untracked 
|  41|0x0000000707000000, 0x0000000707000000, 0x0000000707200000|  0%| F|  |TAMS 0x0000000707000000, 0x0000000707000000| Untracked 
|  42|0x0000000707200000, 0x0000000707200000, 0x0000000707400000|  0%| F|  |TAMS 0x0000000707200000, 0x0000000707200000| Untracked 
|  43|0x0000000707400000, 0x0000000707400000, 0x0000000707600000|  0%| F|  |TAMS 0x0000000707400000, 0x0000000707400000| Untracked 
|  44|0x0000000707600000, 0x0000000707600000, 0x0000000707800000|  0%| F|  |TAMS 0x0000000707600000, 0x0000000707600000| Untracked 
|  45|0x0000000707800000, 0x0000000707800000, 0x0000000707a00000|  0%| F|  |TAMS 0x0000000707800000, 0x0000000707800000| Untracked 
|  46|0x0000000707a00000, 0x0000000707a00000, 0x0000000707c00000|  0%| F|  |TAMS 0x0000000707a00000, 0x0000000707a00000| Untracked 
|  47|0x0000000707c00000, 0x0000000707c00000, 0x0000000707e00000|  0%| F|  |TAMS 0x0000000707c00000, 0x0000000707c00000| Untracked 
|  48|0x0000000707e00000, 0x0000000707e00000, 0x0000000708000000|  0%| F|  |TAMS 0x0000000707e00000, 0x0000000707e00000| Untracked 
|  49|0x0000000708000000, 0x0000000708000000, 0x0000000708200000|  0%| F|  |TAMS 0x0000000708000000, 0x0000000708000000| Untracked 
|  50|0x0000000708200000, 0x0000000708200000, 0x0000000708400000|  0%| F|  |TAMS 0x0000000708200000, 0x0000000708200000| Untracked 
|  51|0x0000000708400000, 0x0000000708400000, 0x0000000708600000|  0%| F|  |TAMS 0x0000000708400000, 0x0000000708400000| Untracked 
|  52|0x0000000708600000, 0x0000000708600000, 0x0000000708800000|  0%| F|  |TAMS 0x0000000708600000, 0x0000000708600000| Untracked 
|  53|0x0000000708800000, 0x0000000708800000, 0x0000000708a00000|  0%| F|  |TAMS 0x0000000708800000, 0x0000000708800000| Untracked 
|  54|0x0000000708a00000, 0x0000000708a00000, 0x0000000708c00000|  0%| F|  |TAMS 0x0000000708a00000, 0x0000000708a00000| Untracked 
|  55|0x0000000708c00000, 0x0000000708c00000, 0x0000000708e00000|  0%| F|  |TAMS 0x0000000708c00000, 0x0000000708c00000| Untracked 
|  56|0x0000000708e00000, 0x0000000708e00000, 0x0000000709000000|  0%| F|  |TAMS 0x0000000708e00000, 0x0000000708e00000| Untracked 
|  57|0x0000000709000000, 0x0000000709000000, 0x0000000709200000|  0%| F|  |TAMS 0x0000000709000000, 0x0000000709000000| Untracked 
|  58|0x0000000709200000, 0x0000000709200000, 0x0000000709400000|  0%| F|  |TAMS 0x0000000709200000, 0x0000000709200000| Untracked 
|  59|0x0000000709400000, 0x0000000709400000, 0x0000000709600000|  0%| F|  |TAMS 0x0000000709400000, 0x0000000709400000| Untracked 
|  60|0x0000000709600000, 0x0000000709600000, 0x0000000709800000|  0%| F|  |TAMS 0x0000000709600000, 0x0000000709600000| Untracked 
|  61|0x0000000709800000, 0x0000000709800000, 0x0000000709a00000|  0%| F|  |TAMS 0x0000000709800000, 0x0000000709800000| Untracked 
|  62|0x0000000709a00000, 0x0000000709a00000, 0x0000000709c00000|  0%| F|  |TAMS 0x0000000709a00000, 0x0000000709a00000| Untracked 
|  63|0x0000000709c00000, 0x0000000709c00000, 0x0000000709e00000|  0%| F|  |TAMS 0x0000000709c00000, 0x0000000709c00000| Untracked 
|  64|0x0000000709e00000, 0x0000000709e00000, 0x000000070a000000|  0%| F|  |TAMS 0x0000000709e00000, 0x0000000709e00000| Untracked 
|  65|0x000000070a000000, 0x000000070a000000, 0x000000070a200000|  0%| F|  |TAMS 0x000000070a000000, 0x000000070a000000| Untracked 
|  66|0x000000070a200000, 0x000000070a200000, 0x000000070a400000|  0%| F|  |TAMS 0x000000070a200000, 0x000000070a200000| Untracked 
|  67|0x000000070a400000, 0x000000070a400000, 0x000000070a600000|  0%| F|  |TAMS 0x000000070a400000, 0x000000070a400000| Untracked 
|  68|0x000000070a600000, 0x000000070a600000, 0x000000070a800000|  0%| F|  |TAMS 0x000000070a600000, 0x000000070a600000| Untracked 
|  69|0x000000070a800000, 0x000000070a800000, 0x000000070aa00000|  0%| F|  |TAMS 0x000000070a800000, 0x000000070a800000| Untracked 
|  70|0x000000070aa00000, 0x000000070aa00000, 0x000000070ac00000|  0%| F|  |TAMS 0x000000070aa00000, 0x000000070aa00000| Untracked 
|  71|0x000000070ac00000, 0x000000070ac00000, 0x000000070ae00000|  0%| F|  |TAMS 0x000000070ac00000, 0x000000070ac00000| Untracked 
|  72|0x000000070ae00000, 0x000000070ae00000, 0x000000070b000000|  0%| F|  |TAMS 0x000000070ae00000, 0x000000070ae00000| Untracked 
|  73|0x000000070b000000, 0x000000070b000000, 0x000000070b200000|  0%| F|  |TAMS 0x000000070b000000, 0x000000070b000000| Untracked 
|  74|0x000000070b200000, 0x000000070b200000, 0x000000070b400000|  0%| F|  |TAMS 0x000000070b200000, 0x000000070b200000| Untracked 
|  75|0x000000070b400000, 0x000000070b400000, 0x000000070b600000|  0%| F|  |TAMS 0x000000070b400000, 0x000000070b400000| Untracked 
|  76|0x000000070b600000, 0x000000070b600000, 0x000000070b800000|  0%| F|  |TAMS 0x000000070b600000, 0x000000070b600000| Untracked 
|  77|0x000000070b800000, 0x000000070b800000, 0x000000070ba00000|  0%| F|  |TAMS 0x000000070b800000, 0x000000070b800000| Untracked 
|  78|0x000000070ba00000, 0x000000070ba00000, 0x000000070bc00000|  0%| F|  |TAMS 0x000000070ba00000, 0x000000070ba00000| Untracked 
|  79|0x000000070bc00000, 0x000000070bc00000, 0x000000070be00000|  0%| F|  |TAMS 0x000000070bc00000, 0x000000070bc00000| Untracked 
|  80|0x000000070be00000, 0x000000070be00000, 0x000000070c000000|  0%| F|  |TAMS 0x000000070be00000, 0x000000070be00000| Untracked 
|  81|0x000000070c000000, 0x000000070c000000, 0x000000070c200000|  0%| F|  |TAMS 0x000000070c000000, 0x000000070c000000| Untracked 
|  82|0x000000070c200000, 0x000000070c200000, 0x000000070c400000|  0%| F|  |TAMS 0x000000070c200000, 0x000000070c200000| Untracked 
|  83|0x000000070c400000, 0x000000070c400000, 0x000000070c600000|  0%| F|  |TAMS 0x000000070c400000, 0x000000070c400000| Untracked 
|  84|0x000000070c600000, 0x000000070c600000, 0x000000070c800000|  0%| F|  |TAMS 0x000000070c600000, 0x000000070c600000| Untracked 
|  85|0x000000070c800000, 0x000000070c800000, 0x000000070ca00000|  0%| F|  |TAMS 0x000000070c800000, 0x000000070c800000| Untracked 
|  86|0x000000070ca00000, 0x000000070ca00000, 0x000000070cc00000|  0%| F|  |TAMS 0x000000070ca00000, 0x000000070ca00000| Untracked 
|  87|0x000000070cc00000, 0x000000070cc00000, 0x000000070ce00000|  0%| F|  |TAMS 0x000000070cc00000, 0x000000070cc00000| Untracked 
|  88|0x000000070ce00000, 0x000000070ce00000, 0x000000070d000000|  0%| F|  |TAMS 0x000000070ce00000, 0x000000070ce00000| Untracked 
|  89|0x000000070d000000, 0x000000070d000000, 0x000000070d200000|  0%| F|  |TAMS 0x000000070d000000, 0x000000070d000000| Untracked 
|  90|0x000000070d200000, 0x000000070d200000, 0x000000070d400000|  0%| F|  |TAMS 0x000000070d200000, 0x000000070d200000| Untracked 
|  91|0x000000070d400000, 0x000000070d400000, 0x000000070d600000|  0%| F|  |TAMS 0x000000070d400000, 0x000000070d400000| Untracked 
|  92|0x000000070d600000, 0x000000070d600000, 0x000000070d800000|  0%| F|  |TAMS 0x000000070d600000, 0x000000070d600000| Untracked 
|  93|0x000000070d800000, 0x000000070d800000, 0x000000070da00000|  0%| F|  |TAMS 0x000000070d800000, 0x000000070d800000| Untracked 
|  94|0x000000070da00000, 0x000000070da00000, 0x000000070dc00000|  0%| F|  |TAMS 0x000000070da00000, 0x000000070da00000| Untracked 
|  95|0x000000070dc00000, 0x000000070dc00000, 0x000000070de00000|  0%| F|  |TAMS 0x000000070dc00000, 0x000000070dc00000| Untracked 
|  96|0x000000070de00000, 0x000000070de00000, 0x000000070e000000|  0%| F|  |TAMS 0x000000070de00000, 0x000000070de00000| Untracked 
|  97|0x000000070e000000, 0x000000070e000000, 0x000000070e200000|  0%| F|  |TAMS 0x000000070e000000, 0x000000070e000000| Untracked 
|  98|0x000000070e200000, 0x000000070e200000, 0x000000070e400000|  0%| F|  |TAMS 0x000000070e200000, 0x000000070e200000| Untracked 
|  99|0x000000070e400000, 0x000000070e400000, 0x000000070e600000|  0%| F|  |TAMS 0x000000070e400000, 0x000000070e400000| Untracked 
| 100|0x000000070e600000, 0x000000070e600000, 0x000000070e800000|  0%| F|  |TAMS 0x000000070e600000, 0x000000070e600000| Untracked 
| 101|0x000000070e800000, 0x000000070e800000, 0x000000070ea00000|  0%| F|  |TAMS 0x000000070e800000, 0x000000070e800000| Untracked 
| 102|0x000000070ea00000, 0x000000070ea00000, 0x000000070ec00000|  0%| F|  |TAMS 0x000000070ea00000, 0x000000070ea00000| Untracked 
| 103|0x000000070ec00000, 0x000000070ec00000, 0x000000070ee00000|  0%| F|  |TAMS 0x000000070ec00000, 0x000000070ec00000| Untracked 
| 104|0x000000070ee00000, 0x000000070ee00000, 0x000000070f000000|  0%| F|  |TAMS 0x000000070ee00000, 0x000000070ee00000| Untracked 
| 105|0x000000070f000000, 0x000000070f000000, 0x000000070f200000|  0%| F|  |TAMS 0x000000070f000000, 0x000000070f000000| Untracked 
| 106|0x000000070f200000, 0x000000070f200000, 0x000000070f400000|  0%| F|  |TAMS 0x000000070f200000, 0x000000070f200000| Untracked 
| 107|0x000000070f400000, 0x000000070f400000, 0x000000070f600000|  0%| F|  |TAMS 0x000000070f400000, 0x000000070f400000| Untracked 
| 108|0x000000070f600000, 0x000000070f600000, 0x000000070f800000|  0%| F|  |TAMS 0x000000070f600000, 0x000000070f600000| Untracked 
| 109|0x000000070f800000, 0x000000070f800000, 0x000000070fa00000|  0%| F|  |TAMS 0x000000070f800000, 0x000000070f800000| Untracked 
| 110|0x000000070fa00000, 0x000000070fa00000, 0x000000070fc00000|  0%| F|  |TAMS 0x000000070fa00000, 0x000000070fa00000| Untracked 
| 111|0x000000070fc00000, 0x000000070fc00000, 0x000000070fe00000|  0%| F|  |TAMS 0x000000070fc00000, 0x000000070fc00000| Untracked 
| 112|0x000000070fe00000, 0x000000070fe00000, 0x0000000710000000|  0%| F|  |TAMS 0x000000070fe00000, 0x000000070fe00000| Untracked 
| 113|0x0000000710000000, 0x0000000710000000, 0x0000000710200000|  0%| F|  |TAMS 0x0000000710000000, 0x0000000710000000| Untracked 
| 114|0x0000000710200000, 0x0000000710200000, 0x0000000710400000|  0%| F|  |TAMS 0x0000000710200000, 0x0000000710200000| Untracked 
| 115|0x0000000710400000, 0x0000000710400000, 0x0000000710600000|  0%| F|  |TAMS 0x0000000710400000, 0x0000000710400000| Untracked 
| 116|0x0000000710600000, 0x0000000710600000, 0x0000000710800000|  0%| F|  |TAMS 0x0000000710600000, 0x0000000710600000| Untracked 
| 117|0x0000000710800000, 0x0000000710800000, 0x0000000710a00000|  0%| F|  |TAMS 0x0000000710800000, 0x0000000710800000| Untracked 
| 118|0x0000000710a00000, 0x0000000710a00000, 0x0000000710c00000|  0%| F|  |TAMS 0x0000000710a00000, 0x0000000710a00000| Untracked 
| 119|0x0000000710c00000, 0x0000000710c00000, 0x0000000710e00000|  0%| F|  |TAMS 0x0000000710c00000, 0x0000000710c00000| Untracked 
| 120|0x0000000710e00000, 0x0000000710e00000, 0x0000000711000000|  0%| F|  |TAMS 0x0000000710e00000, 0x0000000710e00000| Untracked 
| 121|0x0000000711000000, 0x0000000711000000, 0x0000000711200000|  0%| F|  |TAMS 0x0000000711000000, 0x0000000711000000| Untracked 
| 122|0x0000000711200000, 0x0000000711243d00, 0x0000000711400000| 13%| E|  |TAMS 0x0000000711200000, 0x0000000711200000| Complete 
| 123|0x0000000711400000, 0x0000000711600000, 0x0000000711600000|100%| S|CS|TAMS 0x0000000711400000, 0x0000000711400000| Complete 
| 124|0x0000000711600000, 0x0000000711800000, 0x0000000711800000|100%| E|CS|TAMS 0x0000000711600000, 0x0000000711600000| Complete 
| 125|0x0000000711800000, 0x0000000711a00000, 0x0000000711a00000|100%| E|CS|TAMS 0x0000000711800000, 0x0000000711800000| Complete 
| 126|0x0000000711a00000, 0x0000000711c00000, 0x0000000711c00000|100%| E|CS|TAMS 0x0000000711a00000, 0x0000000711a00000| Complete 
| 127|0x0000000711c00000, 0x0000000711e00000, 0x0000000711e00000|100%| E|CS|TAMS 0x0000000711c00000, 0x0000000711c00000| Complete 

Card table byte_map: [0x000001f3518f0000,0x000001f3520f0000] _byte_map_base: 0x000001f34e0e1000

Marking Bits (Prev, Next): (CMBitMap*) 0x000001f3391cfff0, (CMBitMap*) 0x000001f3391d0030
 Prev Bits: [0x000001f3528f0000, 0x000001f356878000)
 Next Bits: [0x000001f356880000, 0x000001f35a808000)

Polling page: 0x000001f337130000

Metaspace:

Usage:
  Non-class:     16.17 MB used.
      Class:      2.81 MB used.
       Both:     18.98 MB used.

Virtual space:
  Non-class space:       64.00 MB reserved,      16.31 MB ( 25%) committed,  1 nodes.
      Class space:        1.00 GB reserved,       3.00 MB ( <1%) committed,  1 nodes.
             Both:        1.06 GB reserved,      19.31 MB (  2%) committed. 

Chunk freelists:
   Non-Class:  15.11 MB
       Class:  13.05 MB
        Both:  28.16 MB

MaxMetaspaceSize: unlimited
CompressedClassSpaceSize: 1.00 GB
Initial GC threshold: 21.00 MB
Current GC threshold: 21.00 MB
CDS: on
MetaspaceReclaimPolicy: balanced
 - commit_granule_bytes: 65536.
 - commit_granule_words: 8192.
 - virtual_space_node_default_size: 8388608.
 - enlarge_chunks_in_place: 1.
 - new_chunks_are_fully_committed: 0.
 - uncommit_free_chunks: 1.
 - use_allocation_guard: 0.
 - handle_deallocations: 1.


Internal statistics:

num_allocs_failed_limit: 0.
num_arena_births: 302.
num_arena_deaths: 0.
num_vsnodes_births: 2.
num_vsnodes_deaths: 0.
num_space_committed: 309.
num_space_uncommitted: 0.
num_chunks_returned_to_freelist: 0.
num_chunks_taken_from_freelist: 971.
num_chunk_merges: 0.
num_chunk_splits: 636.
num_chunks_enlarged: 437.
num_inconsistent_stats: 0.

CodeHeap 'non-profiled nmethods': size=120000Kb used=1301Kb max_used=1301Kb free=118698Kb
 bounds [0x000001f349890000, 0x000001f349b00000, 0x000001f350dc0000]
CodeHeap 'profiled nmethods': size=120000Kb used=6336Kb max_used=6336Kb free=113663Kb
 bounds [0x000001f341dc0000, 0x000001f342400000, 0x000001f3492f0000]
CodeHeap 'non-nmethods': size=5760Kb used=1453Kb max_used=1515Kb free=4306Kb
 bounds [0x000001f3492f0000, 0x000001f349560000, 0x000001f349890000]
 total_blobs=4078 nmethods=3255 adapters=733
 compilation: enabled
              stopped_count=0, restarted_count=0
 full_count=0

Compilation events (20 events):
Event: 21.600 Thread 0x000001f35d39cc30 3245       3       com.sun.javafx.font.FontStrikeDesc::equals (98 bytes)
Event: 21.600 Thread 0x000001f35d39cc30 nmethod 3245 0x000001f3423eb310 code [0x000001f3423eb4e0, 0x000001f3423eba58]
Event: 22.045 Thread 0x000001f35d39c260 3247       4       java.util.concurrent.locks.AbstractQueuedSynchronizer::signalNext (34 bytes)
Event: 22.046 Thread 0x000001f35d39c260 nmethod 3247 0x000001f3499d4e10 code [0x000001f3499d4fa0, 0x000001f3499d50a8]
Event: 22.606 Thread 0x000001f35d39cc30 3248       3       javafx.scene.control.skin.LabeledSkinBase::isIgnoreGraphic (39 bytes)
Event: 22.607 Thread 0x000001f35d39cc30 nmethod 3248 0x000001f3423ebc90 code [0x000001f3423ebea0, 0x000001f3423ec838]
Event: 22.607 Thread 0x000001f35d39cc30 3249       3       jdk.internal.util.ArraysSupport::vectorizedMismatch (268 bytes)
Event: 22.608 Thread 0x000001f35d39cc30 nmethod 3249 0x000001f3423eca90 code [0x000001f3423ecc60, 0x000001f3423ed0b8]
Event: 22.608 Thread 0x000001f35d39cc30 3250       3       javafx.scene.Node$13::computeBounds (8 bytes)
Event: 22.608 Thread 0x000001f35d39cc30 nmethod 3250 0x000001f3423ed210 code [0x000001f3423ed3c0, 0x000001f3423ed638]
Event: 22.749 Thread 0x000001f35d39c260 3251       4       java.util.concurrent.locks.ReentrantLock$Sync::tryRelease (51 bytes)
Event: 22.750 Thread 0x000001f35d39c260 nmethod 3251 0x000001f3499d5210 code [0x000001f3499d5380, 0x000001f3499d54d8]
Event: 23.607 Thread 0x000001f35d39cc30 3252       3       javafx.scene.Node::sceneProperty (8 bytes)
Event: 23.607 Thread 0x000001f35d39cc30 nmethod 3252 0x000001f3423ed790 code [0x000001f3423ed960, 0x000001f3423edeb8]
Event: 23.607 Thread 0x000001f35d39cc30 3253       3       javafx.scene.Node::isFocusTraversable (19 bytes)
Event: 23.608 Thread 0x000001f35d39cc30 nmethod 3253 0x000001f3423ee090 code [0x000001f3423ee240, 0x000001f3423ee5c8]
Event: 23.608 Thread 0x000001f35d39cc30 3255       3       java.util.ArrayList::sort (45 bytes)
Event: 23.608 Thread 0x000001f35d39cc30 nmethod 3255 0x000001f3423ee710 code [0x000001f3423ee8c0, 0x000001f3423eeb38]
Event: 23.608 Thread 0x000001f35d39cc30 3254       3       javafx.scene.Node::focusSetDirty (25 bytes)
Event: 23.609 Thread 0x000001f35d39cc30 nmethod 3254 0x000001f3423eec90 code [0x000001f3423eef00, 0x000001f3423efde8]

GC Heap History (4 events):
Event: 2.010 GC heap before
{Heap before GC invocations=0 (full 0):
 garbage-first heap   total 262144K, used 22528K [0x0000000701e00000, 0x0000000800000000)
  region size 2048K, 11 young (22528K), 0 survivors (0K)
 Metaspace       used 14218K, committed 14464K, reserved 1114112K
  class space    used 2019K, committed 2112K, reserved 1048576K
}
Event: 2.016 GC heap after
{Heap after GC invocations=1 (full 0):
 garbage-first heap   total 262144K, used 8161K [0x0000000701e00000, 0x0000000800000000)
  region size 2048K, 2 young (4096K), 2 survivors (4096K)
 Metaspace       used 14218K, committed 14464K, reserved 1114112K
  class space    used 2019K, committed 2112K, reserved 1048576K
}
Event: 9.798 GC heap before
{Heap before GC invocations=1 (full 0):
 garbage-first heap   total 262144K, used 18401K [0x0000000701e00000, 0x0000000800000000)
  region size 2048K, 6 young (12288K), 2 survivors (4096K)
 Metaspace       used 17741K, committed 18048K, reserved 1114112K
  class space    used 2641K, committed 2816K, reserved 1048576K
}
Event: 9.802 GC heap after
{Heap after GC invocations=2 (full 0):
 garbage-first heap   total 262144K, used 12947K [0x0000000701e00000, 0x0000000800000000)
  region size 2048K, 1 young (2048K), 1 survivors (2048K)
 Metaspace       used 17741K, committed 18048K, reserved 1114112K
  class space    used 2641K, committed 2816K, reserved 1048576K
}

Dll operation events (20 events):
Event: 0.241 Loaded shared library C:\Program Files\Zulu\zulu-17\bin\javafx\api-ms-win-crt-locale-l1-1-0.dll
Event: 0.243 Loaded shared library C:\Program Files\Zulu\zulu-17\bin\javafx\api-ms-win-crt-math-l1-1-0.dll
Event: 0.244 Loaded shared library C:\Program Files\Zulu\zulu-17\bin\javafx\api-ms-win-crt-multibyte-l1-1-0.dll
Event: 0.246 Loaded shared library C:\Program Files\Zulu\zulu-17\bin\javafx\api-ms-win-crt-private-l1-1-0.dll
Event: 0.248 Loaded shared library C:\Program Files\Zulu\zulu-17\bin\javafx\api-ms-win-crt-process-l1-1-0.dll
Event: 0.249 Loaded shared library C:\Program Files\Zulu\zulu-17\bin\javafx\api-ms-win-crt-runtime-l1-1-0.dll
Event: 0.251 Loaded shared library C:\Program Files\Zulu\zulu-17\bin\javafx\api-ms-win-crt-stdio-l1-1-0.dll
Event: 0.253 Loaded shared library C:\Program Files\Zulu\zulu-17\bin\javafx\api-ms-win-crt-string-l1-1-0.dll
Event: 0.255 Loaded shared library C:\Program Files\Zulu\zulu-17\bin\javafx\api-ms-win-crt-time-l1-1-0.dll
Event: 0.256 Loaded shared library C:\Program Files\Zulu\zulu-17\bin\javafx\api-ms-win-crt-utility-l1-1-0.dll
Event: 0.258 Loaded shared library C:\Program Files\Zulu\zulu-17\bin\javafx\ucrtbase.dll
Event: 0.259 Loaded shared library C:\Program Files\Zulu\zulu-17\bin\javafx\vcruntime140.dll
Event: 0.261 Loaded shared library C:\Program Files\Zulu\zulu-17\bin\javafx\vcruntime140_1.dll
Event: 0.262 Loaded shared library C:\Program Files\Zulu\zulu-17\bin\javafx\msvcp140.dll
Event: 0.264 Loaded shared library C:\Program Files\Zulu\zulu-17\bin\javafx\msvcp140_1.dll
Event: 0.265 Loaded shared library C:\Program Files\Zulu\zulu-17\bin\javafx\msvcp140_2.dll
Event: 0.297 Loaded shared library C:\Program Files\Zulu\zulu-17\bin\javafx\prism_d3d.dll
Event: 0.327 Loaded shared library C:\Program Files\Zulu\zulu-17\bin\javafx\glass.dll
Event: 0.560 Loaded shared library C:\Program Files\Zulu\zulu-17\bin\javafx\javafx_font.dll
Event: 1.888 Loaded shared library C:\Program Files\Zulu\zulu-17\bin\rmi.dll

Deoptimization events (20 events):
Event: 9.882 Thread 0x000001f35d3a3350 DEOPT PACKING pc=0x000001f3499983ac sp=0x0000009d1b7fd1f0
Event: 9.882 Thread 0x000001f35d3a3350 DEOPT UNPACKING pc=0x000001f3493469a3 sp=0x0000009d1b7fd1a0 mode 2
Event: 9.946 Thread 0x000001f35d3a1f10 Uncommon trap: trap_request=0xffffff45 fr.pc=0x000001f34997d58c relative=0x0000000000001dec
Event: 9.946 Thread 0x000001f35d3a1f10 Uncommon trap: reason=unstable_if action=reinterpret pc=0x000001f34997d58c method=com.sun.marlin.Renderer._endRendering(IILcom/sun/marlin/MarlinAlphaConsumer;)V @ 2181 c2
Event: 9.946 Thread 0x000001f35d3a1f10 DEOPT PACKING pc=0x000001f34997d58c sp=0x0000009d1b5fd040
Event: 9.946 Thread 0x000001f35d3a1f10 DEOPT UNPACKING pc=0x000001f3493469a3 sp=0x0000009d1b5fce70 mode 2
Event: 9.946 Thread 0x000001f35d3a1f10 Uncommon trap: trap_request=0xffffff45 fr.pc=0x000001f349975a0c relative=0x000000000000332c
Event: 9.946 Thread 0x000001f35d3a1f10 Uncommon trap: reason=unstable_if action=reinterpret pc=0x000001f349975a0c method=com.sun.marlin.Renderer._endRendering(IILcom/sun/marlin/MarlinAlphaConsumer;)V @ 341 c2
Event: 9.946 Thread 0x000001f35d3a1f10 DEOPT PACKING pc=0x000001f349975a0c sp=0x0000009d1b5fcf40
Event: 9.946 Thread 0x000001f35d3a1f10 DEOPT UNPACKING pc=0x000001f3493469a3 sp=0x0000009d1b5fce70 mode 2
Event: 10.257 Thread 0x000001f35d3a1f10 DEOPT PACKING pc=0x000001f3422d1a48 sp=0x0000009d1b5fce20
Event: 10.257 Thread 0x000001f35d3a1f10 DEOPT UNPACKING pc=0x000001f349347143 sp=0x0000009d1b5fc270 mode 0
Event: 12.636 Thread 0x000001f35d3a1f10 Uncommon trap: trap_request=0xffffff45 fr.pc=0x000001f349956ec4 relative=0x0000000000000884
Event: 12.636 Thread 0x000001f35d3a1f10 Uncommon trap: reason=unstable_if action=reinterpret pc=0x000001f349956ec4 method=com.sun.marlin.MaskMarlinAlphaConsumer.setAndClearRelativeAlphas([I[IIII)V @ 414 c2
Event: 12.636 Thread 0x000001f35d3a1f10 DEOPT PACKING pc=0x000001f349956ec4 sp=0x0000009d1b5fd900
Event: 12.636 Thread 0x000001f35d3a1f10 DEOPT UNPACKING pc=0x000001f3493469a3 sp=0x0000009d1b5fd808 mode 2
Event: 23.609 Thread 0x000001f3a88aae40 Uncommon trap: trap_request=0xffffff45 fr.pc=0x000001f3499d5454 relative=0x00000000000000d4
Event: 23.609 Thread 0x000001f3a88aae40 Uncommon trap: reason=unstable_if action=reinterpret pc=0x000001f3499d5454 method=java.util.concurrent.locks.ReentrantLock$Sync.tryRelease(I)Z @ 26 c2
Event: 23.609 Thread 0x000001f3a88aae40 DEOPT PACKING pc=0x000001f3499d5454 sp=0x0000009d1d3ff1b0
Event: 23.609 Thread 0x000001f3a88aae40 DEOPT UNPACKING pc=0x000001f3493469a3 sp=0x0000009d1d3ff150 mode 2

Classes unloaded (0 events):
No events

Classes redefined (0 events):
No events

Internal exceptions (20 events):
Event: 1.895 Thread 0x000001f35d3a0ad0 Exception <a 'java/lang/NoSuchMethodError'{0x0000000710a016b8}: 'java.lang.Object java.lang.invoke.DirectMethodHandle$Holder.invokeSpecial(java.lang.Object, java.lang.Object, int, java.lang.Object, long)'> (0x0000000710a016b8) 
thrown [s\src\hotspot\share\interpreter\linkResolver.cpp, line 759]
Event: 1.896 Thread 0x000001f35d3a0ad0 Exception <a 'java/lang/NoSuchMethodError'{0x0000000710a08d88}: 'java.lang.Object java.lang.invoke.DirectMethodHandle$Holder.newInvokeSpecial(java.lang.Object, java.lang.Object, int, java.lang.Object, long)'> (0x0000000710a08d88) 
thrown [s\src\hotspot\share\interpreter\linkResolver.cpp, line 759]
Event: 1.902 Thread 0x000001f35d3a3350 Exception <a 'java/lang/ClassNotFoundException'{0x0000000710a750f0}: com/sun/glass/ui/win/themes> (0x0000000710a750f0) 
thrown [s\src\hotspot\share\prims\jni.cpp, line 535]
Event: 1.903 Thread 0x000001f35d3a3350 Exception <a 'java/lang/ClassNotFoundException'{0x0000000710a7cd78}: com/sun/glass/ui/win/themes_en> (0x0000000710a7cd78) 
thrown [s\src\hotspot\share\prims\jni.cpp, line 535]
Event: 1.903 Thread 0x000001f35d3a3350 Exception <a 'java/lang/ClassNotFoundException'{0x0000000710a84ce0}: com/sun/glass/ui/win/themes_en_US> (0x0000000710a84ce0) 
thrown [s\src\hotspot\share\prims\jni.cpp, line 535]
Event: 1.953 Thread 0x000001f35d3a3350 Exception <a 'java/lang/NoSuchMethodError'{0x00000007108f2be8}: 'void java.lang.invoke.DirectMethodHandle$Holder.invokeStaticInit(java.lang.Object, java.lang.Object)'> (0x00000007108f2be8) 
thrown [s\src\hotspot\share\interpreter\linkResolver.cpp, line 759]
Event: 1.963 Thread 0x000001f35d3a3350 Exception <a 'java/lang/NoSuchMethodError'{0x000000071090b400}: 'void java.lang.invoke.DirectMethodHandle$Holder.invokeSpecial(java.lang.Object, java.lang.Object, java.lang.Object, java.lang.Object, java.lang.Object)'> (0x000000071090b400) 
thrown [s\src\hotspot\share\interpreter\linkResolver.cpp, line 759]
Event: 1.978 Thread 0x000001f35d3a3350 Exception <a 'java/io/FileNotFoundException'{0x0000000710957340}> (0x0000000710957340) 
thrown [s\src\hotspot\share\prims\jni.cpp, line 516]
Event: 2.024 Thread 0x000001f35d3a3350 Exception <a 'java/lang/ClassNotFoundException'{0x0000000711c1c3a0}: com/sun/javafx/scene/control/skin/resources/controls> (0x0000000711c1c3a0) 
thrown [s\src\hotspot\share\prims\jni.cpp, line 535]
Event: 2.025 Thread 0x000001f35d3a3350 Exception <a 'java/lang/ClassNotFoundException'{0x0000000711c2a740}: com/sun/javafx/scene/control/skin/resources/controls_en> (0x0000000711c2a740) 
thrown [s\src\hotspot\share\prims\jni.cpp, line 535]
Event: 2.025 Thread 0x000001f35d3a3350 Exception <a 'java/lang/ClassNotFoundException'{0x0000000711c2b918}: com/sun/javafx/scene/control/skin/resources/controls_en_US> (0x0000000711c2b918) 
thrown [s\src\hotspot\share\prims\jni.cpp, line 535]
Event: 2.053 Thread 0x000001f35d3a3350 Implicit null exception at 0x000001f3498de9c0 to 0x000001f3498df305
Event: 2.055 Thread 0x000001f35d3a3350 Implicit null exception at 0x000001f3498f81f4 to 0x000001f3498f83ec
Event: 2.056 Thread 0x000001f35d3a3350 Exception <a 'java/lang/NoSuchMethodError'{0x0000000711d89968}: 'void java.lang.invoke.DirectMethodHandle$Holder.invokeSpecial(java.lang.Object, java.lang.Object, java.lang.Object, java.lang.Object, java.lang.Object, java.lang.Object)'> (0x0000000711d89968) 
thrown [s\src\hotspot\share\interpreter\linkResolver.cpp, line 759]
Event: 2.059 Thread 0x000001f35d3a3350 Exception <a 'java/lang/NoSuchMethodError'{0x0000000711da4c70}: 'java.lang.Object java.lang.invoke.DirectMethodHandle$Holder.invokeInterface(java.lang.Object, java.lang.Object, java.lang.Object)'> (0x0000000711da4c70) 
thrown [s\src\hotspot\share\interpreter\linkResolver.cpp, line 759]
Event: 2.059 Thread 0x000001f35d3a3350 Exception <a 'java/lang/IncompatibleClassChangeError'{0x0000000711da88a0}: Found class java.lang.Object, but interface was expected> (0x0000000711da88a0) 
thrown [s\src\hotspot\share\interpreter\linkResolver.cpp, line 826]
Event: 2.061 Thread 0x000001f35d3a3350 Implicit null exception at 0x000001f3498f3594 to 0x000001f3498f3b44
Event: 2.061 Thread 0x000001f35d3a3350 Implicit null exception at 0x000001f34990b18f to 0x000001f34990b209
Event: 9.817 Thread 0x000001f35d3a3350 Exception <a 'java/io/FileNotFoundException'{0x0000000711c561b0}> (0x0000000711c561b0) 
thrown [s\src\hotspot\share\prims\jni.cpp, line 516]
Event: 9.943 Thread 0x000001f35d3a1f10 Exception <a 'java/lang/NoSuchMethodError'{0x00000007118cd218}: 'java.lang.Object java.lang.invoke.DirectMethodHandle$Holder.invokeStaticInit(java.lang.Object, int)'> (0x00000007118cd218) 
thrown [s\src\hotspot\share\interpreter\linkResolver.cpp, line 759]

VM Operations (20 events):
Event: 12.603 Executing VM operation: HandshakeAllThreads done
Event: 12.603 Executing VM operation: Cleanup
Event: 12.603 Executing VM operation: Cleanup done
Event: 14.603 Executing VM operation: Cleanup
Event: 14.603 Executing VM operation: Cleanup done
Event: 15.604 Executing VM operation: Cleanup
Event: 15.604 Executing VM operation: Cleanup done
Event: 16.881 Executing VM operation: HandshakeAllThreads
Event: 16.881 Executing VM operation: HandshakeAllThreads done
Event: 16.881 Executing VM operation: Cleanup
Event: 16.882 Executing VM operation: Cleanup done
Event: 18.882 Executing VM operation: Cleanup
Event: 18.882 Executing VM operation: Cleanup done
Event: 20.883 Executing VM operation: Cleanup
Event: 20.883 Executing VM operation: Cleanup done
Event: 21.883 Executing VM operation: Cleanup
Event: 21.883 Executing VM operation: Cleanup done
Event: 22.884 Executing VM operation: Cleanup
Event: 22.884 Executing VM operation: Cleanup done
Event: 23.609 Executing VM operation: Exit

Events (20 events):
Event: 9.881 loading class sun/net/www/protocol/jar/URLJarFile$URLJarFileEntry
Event: 9.881 loading class sun/net/www/protocol/jar/URLJarFile$URLJarFileEntry done
Event: 9.881 loading class sun/net/www/protocol/jar/JarURLConnection$JarURLInputStream
Event: 9.881 loading class sun/net/www/protocol/jar/JarURLConnection$JarURLInputStream done
Event: 9.898 loading class java/lang/invoke/DirectMethodHandle$Special
Event: 9.898 loading class java/lang/invoke/DirectMethodHandle$Special done
Event: 9.929 loading class java/util/UUID
Event: 9.929 loading class java/util/UUID done
Event: 9.929 loading class java/util/UUID$Holder
Event: 9.929 loading class java/util/UUID$Holder done
Event: 12.604 loading class java/util/AbstractMap$SimpleEntry
Event: 12.604 loading class java/util/AbstractMap$SimpleEntry done
Event: 12.636 Thread 0x000001f3a8f560e0 Thread added: 0x000001f3a8f560e0
Event: 12.925 Thread 0x000001f3a8f560e0 Thread exited: 0x000001f3a8f560e0
Event: 16.881 loading class java/util/ArrayList$ListItr
Event: 16.881 loading class java/util/ArrayList$ListItr done
Event: 23.608 Thread 0x000001f3a88aae40 Thread added: 0x000001f3a88aae40
Event: 23.608 Thread 0x000001f3a88afa30 Thread added: 0x000001f3a88afa30
Event: 23.609 Thread 0x000001f3a88afa30 Thread exited: 0x000001f3a88afa30
Event: 23.609 Thread 0x000001f3a88aae40 Thread exited: 0x000001f3a88aae40


Dynamic libraries:
0x00007ff740a10000 - 0x00007ff740a1e000 	C:\Program Files\Zulu\zulu-17\bin\java.exe
0x00007ffc81930000 - 0x00007ffc81b28000 	C:\Windows\SYSTEM32\ntdll.dll
0x00007ffc80530000 - 0x00007ffc805ed000 	C:\Windows\System32\KERNEL32.DLL
0x00007ffc7f250000 - 0x00007ffc7f546000 	C:\Windows\System32\KERNELBASE.dll
0x00007ffc7f880000 - 0x00007ffc7f980000 	C:\Windows\System32\ucrtbase.dll
0x00007ffc75f40000 - 0x00007ffc75f5b000 	C:\Program Files\Zulu\zulu-17\bin\VCRUNTIME140.dll
0x00007ffc74ba0000 - 0x00007ffc74bb9000 	C:\Program Files\Zulu\zulu-17\bin\jli.dll
0x00007ffc80f60000 - 0x00007ffc810fe000 	C:\Windows\System32\USER32.dll
0x00007ffc62e10000 - 0x00007ffc630aa000 	C:\Windows\WinSxS\amd64_microsoft.windows.common-controls_6595b64144ccf1df_6.0.19041.3636_none_60b6a03d71f818d5\COMCTL32.dll
0x00007ffc7f220000 - 0x00007ffc7f242000 	C:\Windows\System32\win32u.dll
0x00007ffc80490000 - 0x00007ffc8052e000 	C:\Windows\System32\msvcrt.dll
0x00007ffc7fa80000 - 0x00007ffc7faac000 	C:\Windows\System32\GDI32.dll
0x00007ffc7f050000 - 0x00007ffc7f16a000 	C:\Windows\System32\gdi32full.dll
0x00007ffc7f550000 - 0x00007ffc7f5ed000 	C:\Windows\System32\msvcp_win.dll
0x00007ffc7f980000 - 0x00007ffc7f9b0000 	C:\Windows\System32\IMM32.DLL
0x00007ffc75fe0000 - 0x00007ffc75fec000 	C:\Program Files\Zulu\zulu-17\bin\vcruntime140_1.dll
0x00007ffc4d360000 - 0x00007ffc4d3ed000 	C:\Program Files\Zulu\zulu-17\bin\msvcp140.dll
0x00007ffc0c8f0000 - 0x00007ffc0d557000 	C:\Program Files\Zulu\zulu-17\bin\server\jvm.dll
0x00007ffc7f9b0000 - 0x00007ffc7fa63000 	C:\Windows\System32\ADVAPI32.dll
0x00007ffc7ff10000 - 0x00007ffc7ffaf000 	C:\Windows\System32\sechost.dll
0x00007ffc7fc80000 - 0x00007ffc7fda6000 	C:\Windows\System32\RPCRT4.dll
0x00007ffc7f660000 - 0x00007ffc7f687000 	C:\Windows\System32\bcrypt.dll
0x00007ffc7e550000 - 0x00007ffc7e59b000 	C:\Windows\SYSTEM32\POWRPROF.dll
0x00007ffc77400000 - 0x00007ffc77409000 	C:\Windows\SYSTEM32\WSOCK32.dll
0x00007ffc81100000 - 0x00007ffc8116b000 	C:\Windows\System32\WS2_32.dll
0x00007ffc5d4d0000 - 0x00007ffc5d4f7000 	C:\Windows\SYSTEM32\WINMM.dll
0x00007ffc766c0000 - 0x00007ffc766ca000 	C:\Windows\SYSTEM32\VERSION.dll
0x00007ffc7e410000 - 0x00007ffc7e422000 	C:\Windows\SYSTEM32\UMPDC.dll
0x00007ffc7d840000 - 0x00007ffc7d852000 	C:\Windows\SYSTEM32\kernel.appcore.dll
0x00007ffc6d0e0000 - 0x00007ffc6d0ea000 	C:\Program Files\Zulu\zulu-17\bin\jimage.dll
0x00007ffc79bd0000 - 0x00007ffc79db4000 	C:\Windows\SYSTEM32\DBGHELP.DLL
0x00007ffc65380000 - 0x00007ffc653b4000 	C:\Windows\SYSTEM32\dbgcore.DLL
0x00007ffc7f7f0000 - 0x00007ffc7f872000 	C:\Windows\System32\bcryptPrimitives.dll
0x00007ffc77370000 - 0x00007ffc7737e000 	C:\Program Files\Zulu\zulu-17\bin\instrument.dll
0x00007ffc5cf40000 - 0x00007ffc5cf65000 	C:\Program Files\Zulu\zulu-17\bin\java.dll
0x00007ffc49640000 - 0x00007ffc49717000 	C:\Program Files\Zulu\zulu-17\bin\jsvml.dll
0x00007ffc805f0000 - 0x00007ffc80d35000 	C:\Windows\System32\SHELL32.dll
0x00007ffc7d090000 - 0x00007ffc7d82b000 	C:\Windows\SYSTEM32\windows.storage.dll
0x00007ffc7ffb0000 - 0x00007ffc80304000 	C:\Windows\System32\combase.dll
0x00007ffc7ea30000 - 0x00007ffc7ea5d000 	C:\Windows\SYSTEM32\Wldp.dll
0x00007ffc803e0000 - 0x00007ffc8048d000 	C:\Windows\System32\SHCORE.dll
0x00007ffc7fdc0000 - 0x00007ffc7fe15000 	C:\Windows\System32\shlwapi.dll
0x00007ffc7ef30000 - 0x00007ffc7ef55000 	C:\Windows\SYSTEM32\profapi.dll
0x00007ffc54370000 - 0x00007ffc54388000 	C:\Program Files\Zulu\zulu-17\bin\zip.dll
0x00007ffc5c180000 - 0x00007ffc5c199000 	C:\Program Files\Zulu\zulu-17\bin\net.dll
0x00007ffc71f10000 - 0x00007ffc7201a000 	C:\Windows\SYSTEM32\WINHTTP.dll
0x00007ffc7e790000 - 0x00007ffc7e7fa000 	C:\Windows\system32\mswsock.dll
0x00007ffc54390000 - 0x00007ffc543a6000 	C:\Program Files\Zulu\zulu-17\bin\nio.dll
0x00007ffc772a0000 - 0x00007ffc772ba000 	C:\Program Files\JetBrains\IntelliJ IDEA Community Edition 2023.3\bin\breakgen64.dll
0x000001f3390f0000 - 0x000001f3390f4000 	C:\Program Files\Zulu\zulu-17\bin\javafx\api-ms-win-core-console-l1-1-0.dll
0x000001f339100000 - 0x000001f339104000 	C:\Program Files\Zulu\zulu-17\bin\javafx\api-ms-win-core-console-l1-2-0.dll
0x000001f339110000 - 0x000001f339114000 	C:\Program Files\Zulu\zulu-17\bin\javafx\api-ms-win-core-datetime-l1-1-0.dll
0x000001f35d790000 - 0x000001f35d794000 	C:\Program Files\Zulu\zulu-17\bin\javafx\api-ms-win-core-debug-l1-1-0.dll
0x000001f35d7a0000 - 0x000001f35d7a4000 	C:\Program Files\Zulu\zulu-17\bin\javafx\api-ms-win-core-errorhandling-l1-1-0.dll
0x000001f35d7b0000 - 0x000001f35d7b5000 	C:\Program Files\Zulu\zulu-17\bin\javafx\api-ms-win-core-file-l1-1-0.dll
0x000001f35d7c0000 - 0x000001f35d7c4000 	C:\Program Files\Zulu\zulu-17\bin\javafx\api-ms-win-core-file-l1-2-0.dll
0x000001f35d7d0000 - 0x000001f35d7d4000 	C:\Program Files\Zulu\zulu-17\bin\javafx\api-ms-win-core-file-l2-1-0.dll
0x000001f35d7e0000 - 0x000001f35d7e4000 	C:\Program Files\Zulu\zulu-17\bin\javafx\api-ms-win-core-handle-l1-1-0.dll
0x000001f35d7f0000 - 0x000001f35d7f4000 	C:\Program Files\Zulu\zulu-17\bin\javafx\api-ms-win-core-heap-l1-1-0.dll
0x000001f35d800000 - 0x000001f35d804000 	C:\Program Files\Zulu\zulu-17\bin\javafx\api-ms-win-core-interlocked-l1-1-0.dll
0x000001f35d810000 - 0x000001f35d814000 	C:\Program Files\Zulu\zulu-17\bin\javafx\api-ms-win-core-libraryloader-l1-1-0.dll
0x000001f35d820000 - 0x000001f35d824000 	C:\Program Files\Zulu\zulu-17\bin\javafx\api-ms-win-core-localization-l1-2-0.dll
0x000001f35d830000 - 0x000001f35d834000 	C:\Program Files\Zulu\zulu-17\bin\javafx\api-ms-win-core-memory-l1-1-0.dll
0x000001f35d840000 - 0x000001f35d844000 	C:\Program Files\Zulu\zulu-17\bin\javafx\api-ms-win-core-namedpipe-l1-1-0.dll
0x000001f35d850000 - 0x000001f35d854000 	C:\Program Files\Zulu\zulu-17\bin\javafx\api-ms-win-core-processenvironment-l1-1-0.dll
0x000001f35d860000 - 0x000001f35d864000 	C:\Program Files\Zulu\zulu-17\bin\javafx\api-ms-win-core-processthreads-l1-1-0.dll
0x000001f35d870000 - 0x000001f35d874000 	C:\Program Files\Zulu\zulu-17\bin\javafx\api-ms-win-core-processthreads-l1-1-1.dll
0x000001f35d880000 - 0x000001f35d884000 	C:\Program Files\Zulu\zulu-17\bin\javafx\api-ms-win-core-profile-l1-1-0.dll
0x000001f35d890000 - 0x000001f35d894000 	C:\Program Files\Zulu\zulu-17\bin\javafx\api-ms-win-core-rtlsupport-l1-1-0.dll
0x000001f35d8a0000 - 0x000001f35d8a4000 	C:\Program Files\Zulu\zulu-17\bin\javafx\api-ms-win-core-string-l1-1-0.dll
0x000001f35d8b0000 - 0x000001f35d8b4000 	C:\Program Files\Zulu\zulu-17\bin\javafx\api-ms-win-core-synch-l1-1-0.dll
0x000001f35d8c0000 - 0x000001f35d8c4000 	C:\Program Files\Zulu\zulu-17\bin\javafx\api-ms-win-core-synch-l1-2-0.dll
0x000001f35d8d0000 - 0x000001f35d8d4000 	C:\Program Files\Zulu\zulu-17\bin\javafx\api-ms-win-core-sysinfo-l1-1-0.dll
0x000001f35d8e0000 - 0x000001f35d8e4000 	C:\Program Files\Zulu\zulu-17\bin\javafx\api-ms-win-core-timezone-l1-1-0.dll
0x000001f35d8f0000 - 0x000001f35d8f4000 	C:\Program Files\Zulu\zulu-17\bin\javafx\api-ms-win-core-util-l1-1-0.dll
0x000001f35d900000 - 0x000001f35d904000 	C:\Program Files\Zulu\zulu-17\bin\javafx\api-ms-win-crt-conio-l1-1-0.dll
0x000001f35d910000 - 0x000001f35d915000 	C:\Program Files\Zulu\zulu-17\bin\javafx\api-ms-win-crt-convert-l1-1-0.dll
0x000001f35d920000 - 0x000001f35d924000 	C:\Program Files\Zulu\zulu-17\bin\javafx\api-ms-win-crt-environment-l1-1-0.dll
0x000001f35d930000 - 0x000001f35d934000 	C:\Program Files\Zulu\zulu-17\bin\javafx\api-ms-win-crt-filesystem-l1-1-0.dll
0x000001f35d940000 - 0x000001f35d944000 	C:\Program Files\Zulu\zulu-17\bin\javafx\api-ms-win-crt-heap-l1-1-0.dll
0x000001f35d950000 - 0x000001f35d954000 	C:\Program Files\Zulu\zulu-17\bin\javafx\api-ms-win-crt-locale-l1-1-0.dll
0x000001f35d960000 - 0x000001f35d966000 	C:\Program Files\Zulu\zulu-17\bin\javafx\api-ms-win-crt-math-l1-1-0.dll
0x000001f35d970000 - 0x000001f35d976000 	C:\Program Files\Zulu\zulu-17\bin\javafx\api-ms-win-crt-multibyte-l1-1-0.dll
0x000001f35d980000 - 0x000001f35d991000 	C:\Program Files\Zulu\zulu-17\bin\javafx\api-ms-win-crt-private-l1-1-0.dll
0x000001f35d9a0000 - 0x000001f35d9a4000 	C:\Program Files\Zulu\zulu-17\bin\javafx\api-ms-win-crt-process-l1-1-0.dll
0x000001f35d9b0000 - 0x000001f35d9b5000 	C:\Program Files\Zulu\zulu-17\bin\javafx\api-ms-win-crt-runtime-l1-1-0.dll
0x000001f35d9c0000 - 0x000001f35d9c5000 	C:\Program Files\Zulu\zulu-17\bin\javafx\api-ms-win-crt-stdio-l1-1-0.dll
0x000001f35d9d0000 - 0x000001f35d9d5000 	C:\Program Files\Zulu\zulu-17\bin\javafx\api-ms-win-crt-string-l1-1-0.dll
0x000001f35d9e0000 - 0x000001f35d9e4000 	C:\Program Files\Zulu\zulu-17\bin\javafx\api-ms-win-crt-time-l1-1-0.dll
0x000001f35d9f0000 - 0x000001f35d9f4000 	C:\Program Files\Zulu\zulu-17\bin\javafx\api-ms-win-crt-utility-l1-1-0.dll
0x00007ffc516d0000 - 0x00007ffc517e0000 	C:\Program Files\Zulu\zulu-17\bin\javafx\ucrtbase.dll
0x00007ffc76480000 - 0x00007ffc7649b000 	C:\Program Files\Zulu\zulu-17\bin\javafx\vcruntime140.dll
0x00007ffc76780000 - 0x00007ffc7678c000 	C:\Program Files\Zulu\zulu-17\bin\javafx\vcruntime140_1.dll
0x00007ffc4f6d0000 - 0x00007ffc4f75e000 	C:\Program Files\Zulu\zulu-17\bin\javafx\msvcp140.dll
0x00007ffc76190000 - 0x00007ffc76199000 	C:\Program Files\Zulu\zulu-17\bin\javafx\msvcp140_1.dll
0x00007ffc5d100000 - 0x00007ffc5d141000 	C:\Program Files\Zulu\zulu-17\bin\javafx\msvcp140_2.dll
0x00007ffc75ee0000 - 0x00007ffc75f10000 	C:\Program Files\Zulu\zulu-17\bin\javafx\prism_d3d.dll
0x00007ffc5f1c0000 - 0x00007ffc5f38d000 	C:\Windows\system32\d3d9.dll
0x00007ffc797d0000 - 0x00007ffc797ff000 	C:\Windows\SYSTEM32\dwmapi.dll
0x00007ffc794c0000 - 0x00007ffc7955e000 	C:\Windows\system32\uxtheme.dll
0x00007ffc1f630000 - 0x00007ffc1f7df000 	C:\Windows\System32\DriverStore\FileRepository\iigd_dch.inf_amd64_51f685305808e3a5\igdumdim64.dll
0x00007ffc81170000 - 0x00007ffc8129b000 	C:\Windows\System32\ole32.dll
0x00007ffc1c580000 - 0x00007ffc1f623000 	C:\Windows\System32\DriverStore\FileRepository\iigd_dch.inf_amd64_51f685305808e3a5\igd9dxva64.dll
0x00007ffc80310000 - 0x00007ffc803dd000 	C:\Windows\System32\OLEAUT32.dll
0x00007ffc81360000 - 0x00007ffc817ce000 	C:\Windows\System32\SETUPAPI.dll
0x00007ffc7f000000 - 0x00007ffc7f04e000 	C:\Windows\System32\cfgmgr32.dll
0x00007ffc70fc0000 - 0x00007ffc713c9000 	C:\Windows\System32\DriverStore\FileRepository\iigd_dch.inf_amd64_51f685305808e3a5\igdgmm64.dll
0x00007ffc4f680000 - 0x00007ffc4f6c2000 	C:\Program Files\Zulu\zulu-17\bin\javafx\glass.dll
0x00007ffc80dd0000 - 0x00007ffc80eaa000 	C:\Windows\System32\COMDLG32.dll
0x00007ffc817d0000 - 0x00007ffc818e4000 	C:\Windows\System32\MSCTF.dll
0x00007ffc48dd0000 - 0x00007ffc48df7000 	C:\Windows\System32\DriverStore\FileRepository\iigd_dch.inf_amd64_51f685305808e3a5\igdinfo64.dll
0x00007ffc6d5a0000 - 0x00007ffc70d34000 	C:\Windows\System32\DriverStore\FileRepository\iigd_dch.inf_amd64_51f685305808e3a5\igc64.dll
0x00007ffc71ed0000 - 0x00007ffc71f0b000 	C:\Windows\SYSTEM32\dxcore.dll
0x00007ffc64390000 - 0x00007ffc643a4000 	C:\Program Files\Zulu\zulu-17\bin\javafx\javafx_font.dll
0x00007ffc51e40000 - 0x00007ffc520bf000 	C:\Windows\SYSTEM32\dwrite.dll
0x00007ffc80eb0000 - 0x00007ffc80f59000 	C:\Windows\System32\clbcatq.dll
0x00007ffc750f0000 - 0x00007ffc752a4000 	C:\Windows\SYSTEM32\WindowsCodecs.dll
0x00007ffc50770000 - 0x00007ffc507ae000 	C:\Windows\system32\dataexchange.dll
0x00007ffc782b0000 - 0x00007ffc78493000 	C:\Windows\system32\dcomp.dll
0x00007ffc77620000 - 0x00007ffc77883000 	C:\Windows\system32\d3d11.dll
0x00007ffc7d8b0000 - 0x00007ffc7d9a3000 	C:\Windows\system32\dxgi.dll
0x00007ffc75510000 - 0x00007ffc75713000 	C:\Windows\system32\twinapi.appcore.dll
0x00007ffc5ce30000 - 0x00007ffc5ce64000 	C:\Program Files\Common Files\Microsoft Shared\Ink\rtscom.dll
0x00007ffc63390000 - 0x00007ffc63489000 	C:\Windows\SYSTEM32\textinputframework.dll
0x00007ffc78b80000 - 0x00007ffc78c72000 	C:\Windows\System32\CoreMessaging.dll
0x00007ffc784a0000 - 0x00007ffc787fb000 	C:\Windows\System32\CoreUIComponents.dll
0x00007ffc774c0000 - 0x00007ffc77615000 	C:\Windows\SYSTEM32\wintypes.dll
0x00007ffc7e170000 - 0x00007ffc7e1a3000 	C:\Windows\SYSTEM32\ntmarta.dll

dbghelp: loaded successfully - version: 4.0.5 - missing functions: none
symbol engine: initialized successfully - sym options: 0x614 - pdb path: .;C:\Program Files\Zulu\zulu-17\bin;C:\Windows\SYSTEM32;C:\Windows\WinSxS\amd64_microsoft.windows.common-controls_6595b64144ccf1df_6.0.19041.3636_none_60b6a03d71f818d5;C:\Program Files\Zulu\zulu-17\bin\server;C:\Program Files\JetBrains\IntelliJ IDEA Community Edition 2023.3\bin;C:\Program Files\Zulu\zulu-17\bin\javafx;C:\Windows\System32\DriverStore\FileRepository\iigd_dch.inf_amd64_51f685305808e3a5;C:\Program Files\Common Files\Microsoft Shared\Ink;C:\Program Files\NVIDIA Corporation\nview

VM Arguments:
jvm_args: -javaagent:C:\Program Files\JetBrains\IntelliJ IDEA Community Edition 2023.3\lib\idea_rt.jar=52815:C:\Program Files\JetBrains\IntelliJ IDEA Community Edition 2023.3\bin -Dfile.encoding=UTF-8 
java_command: org.example.Client
java_class_path (initial): C:\Users\pc\Desktop\Chat-App\Chat-App\rmi-modules\Client\target\classes;C:\Users\pc\.m2\repository\ca\pjer\chatter-bot-api\1.4.7\chatter-bot-api-1.4.7.jar;C:\Users\pc\.m2\repository\org\openjfx\javafx-swing\21\javafx-swing-21.jar;C:\Users\pc\.m2\repository\org\openjfx\javafx-swing\21\javafx-swing-21-win.jar;C:\Users\pc\.m2\repository\org\openjfx\javafx-graphics\21\javafx-graphics-21.jar;C:\Users\pc\.m2\repository\org\openjfx\javafx-graphics\21\javafx-graphics-21-win.jar;C:\Users\pc\Desktop\Chat-App\Chat-App\rmi-modules\Shared\target\classes;C:\Users\pc\.m2\repository\org\mapstruct\mapstruct\1.5.3.Final\mapstruct-1.5.3.Final.jar;C:\Users\pc\.m2\repository\org\openjfx\javafx-base\21\javafx-base-21.jar;C:\Users\pc\.m2\repository\org\openjfx\javafx-base\21\javafx-base-21-win.jar;C:\Users\pc\.m2\repository\org\controlsfx\controlsfx\11.1.0\controlsfx-11.1.0.jar;C:\Users\pc\.m2\repository\org\openjfx\javafx-controls\21\javafx-controls-21.jar;C:\Users\pc\.m2\repository\org\openjfx\javafx-controls\21\javafx-controls-21-win.jar;C:\Users\pc\.m2\repository\org\openjfx\javafx-fxml\21\javafx-fxml-21.jar;C:\Users\pc\.m2\repository\org\openjfx\javafx-fxml\21\javafx-fxml-21-win.jar
Launcher Type: SUN_STANDARD

[Global flags]
     intx CICompilerCount                          = 4                                         {product} {ergonomic}
     uint ConcGCThreads                            = 2                                         {product} {ergonomic}
     uint G1ConcRefinementThreads                  = 8                                         {product} {ergonomic}
   size_t G1HeapRegionSize                         = 2097152                                   {product} {ergonomic}
    uintx GCDrainStackTargetSize                   = 64                                        {product} {ergonomic}
   size_t InitialHeapSize                          = 268435456                                 {product} {ergonomic}
   size_t MarkStackSize                            = 4194304                                   {product} {ergonomic}
   size_t MaxHeapSize                              = 4263510016                                {product} {ergonomic}
   size_t MaxNewSize                               = 2556428288                                {product} {ergonomic}
   size_t MinHeapDeltaBytes                        = 2097152                                   {product} {ergonomic}
   size_t MinHeapSize                              = 8388608                                   {product} {ergonomic}
    uintx NonNMethodCodeHeapSize                   = 5839372                                {pd product} {ergonomic}
    uintx NonProfiledCodeHeapSize                  = 122909434                              {pd product} {ergonomic}
    uintx ProfiledCodeHeapSize                     = 122909434                              {pd product} {ergonomic}
    uintx ReservedCodeCacheSize                    = 251658240                              {pd product} {ergonomic}
     bool SegmentedCodeCache                       = true                                      {product} {ergonomic}
   size_t SoftMaxHeapSize                          = 4263510016                             {manageable} {ergonomic}
     bool UseCompressedClassPointers               = true                           {product lp64_product} {ergonomic}
     bool UseCompressedOops                        = true                           {product lp64_product} {ergonomic}
     bool UseG1GC                                  = true                                      {product} {ergonomic}
     bool UseLargePagesIndividualAllocation        = false                                  {pd product} {ergonomic}

Logging:
Log output configuration:
 #0: stdout all=off uptime,level,tags
 #1: stderr all=off uptime,level,tags

Environment Variables:
JAVA_HOME=C:\Program Files\Zulu\zulu-17
PATH=C:\Program Files\Zulu\zulu-17;C:\Program Files\Zulu\zulu-17\bin\;C:\oraclexe\app\oracle\product\11.2.0\server\bin;C:\Program Files (x86)\VMware\VMware Workstation\bin\;C:\Program Files\Common Files\Oracle\Java\javapath;C:\Windows\system32;C:\Windows;C:\Windows\System32\Wbem;C:\Windows\System32\WindowsPowerShell\v1.0\;C:\Windows\System32\OpenSSH\;C:\Program Files (x86)\Intel\Intel(R) Management Engine Components\DAL;C:\Program Files\Intel\Intel(R) Management Engine Components\DAL;C:\Users\pc\AppData\Local\Programs\Python\Python39;C:\Users\pc\AppData\Local\Programs\Python\Python39\Scripts;C:\maven\apache-maven-3.9.6\bin;C:\Program Files\Git\cmd;C:\Program Files\MySQL\MySQL Shell 8.0\bin\;C:\Users\pc\AppData\Local\Programs\Python\Python39\Scripts\;C:\Users\pc\AppData\Local\Programs\Python\Python39\;C:\Users\pc\AppData\Local\Microsoft\WindowsApps;C:\Users\pc\AppData\Local\Programs\Microsoft VS Code\bin;C:\Users\pc\AppData\Local\GitHubDesktop\bin
USERNAME=pc
OS=Windows_NT
PROCESSOR_IDENTIFIER=Intel64 Family 6 Model 158 Stepping 9, GenuineIntel
TMP=C:\Users\pc\AppData\Local\Temp
TEMP=C:\Users\pc\AppData\Local\Temp



Periodic native trim disabled


---------------  S Y S T E M  ---------------

OS:
 Windows 10 , 64 bit Build 19041 (10.0.19041.3636)
OS uptime: 0 days 5:40 hours

CPU: total 8 (initial active 8) (4 cores per cpu, 2 threads per core) family 6 model 158 stepping 9 microcode 0xf0, cx8, cmov, fxsr, ht, mmx, 3dnowpref, sse, sse2, sse3, ssse3, sse4.1, sse4.2, popcnt, lzcnt, tsc, tscinvbit, avx, avx2, aes, erms, clmul, bmi1, bmi2, rtm, adx, fma, vzeroupper, clflush, clflushopt
Processor Information for all 8 processors :
  Max Mhz: 2904, Current Mhz: 2904, Mhz Limit: 2904

Memory: 4k page, system-wide physical 16259M (8329M free)
TotalPageFile size 18691M (AvailPageFile size 6027M)
current process WorkingSet (physical memory assigned to process): 177M, peak: 190M
current process commit charge ("private bytes"): 431M, peak: 449M

vm_info: OpenJDK 64-Bit Server VM (17.0.9+8-LTS) for windows-amd64 JRE (17.0.9+8-LTS) (Zulu17.46+19-CA), built on Oct 11 2023 20:52:37 by "zulu_re" with MS VC++ 16.10 / 16.11 (VS2019)

END.
