#
# A fatal error has been detected by the Java Runtime Environment:
#
#  EXCEPTION_ACCESS_VIOLATION (0xc0000005) at pc=0x00007ffc5d126557, pid=14832, tid=12580
#
# JRE version: OpenJDK Runtime Environment Zulu17.46+19-CA (17.0.9+8) (build 17.0.9+8-LTS)
# Java VM: OpenJDK 64-Bit Server VM Zulu17.46+19-CA (17.0.9+8-LTS, mixed mode, sharing, tiered, compressed oops, compressed class ptrs, g1 gc, windows-amd64)
# Problematic frame:
# C  [glass.dll+0x26557]
#
# No core dump will be written. Minidumps are not enabled by default on client versions of Windows
#
# If you would like to submit a bug report, please visit:
#   http://www.azul.com/support/
#

---------------  S U M M A R Y ------------

Command Line: -javaagent:C:\Program Files\JetBrains\IntelliJ IDEA Community Edition 2023.3\lib\idea_rt.jar=52927:C:\Program Files\JetBrains\IntelliJ IDEA Community Edition 2023.3\bin -Dfile.encoding=UTF-8 org.example.Client

Host: Intel(R) Core(TM) i7-7820HQ CPU @ 2.90GHz, 8 cores, 15G,  Windows 10 , 64 bit Build 19041 (10.0.19041.3636)
Time: Wed Feb  7 20:59:48 2024 Egypt Standard Time elapsed time: 27.395338 seconds (0d 0h 0m 27s)

---------------  T H R E A D  ---------------

Current thread (0x000001518294bd70):  VMThread "VM Thread" [stack: 0x0000000c80e00000,0x0000000c80f00000] [id=12580]

Stack: [0x0000000c80e00000,0x0000000c80f00000],  sp=0x0000000c80efecf0,  free space=1019k
Native frames: (J=compiled Java code, j=interpreted, Vv=VM code, C=native code)
C  [glass.dll+0x26557]


siginfo: EXCEPTION_ACCESS_VIOLATION (0xc0000005), reading address 0x0000000000000000


Registers:
RAX=0x0000000000000000, RBX=0x0000015182959e38, RCX=0x000001518294bd70, RDX=0x0000000c80efecf0
RSP=0x0000000c80efecf0, RBP=0x00000151c812f298, RSI=0x00000151c812f270, RDI=0x000004312cf16c8a
R8 =0x0000000000010002, R9 =0x000004312cf16c8a, R10=0x0000000000008000, R11=0x0000000c80efec80
R12=0x00007ffc5d123ea0, R13=0x00007ffc0d4b30a0, R14=0x0000000c80efede8, R15=0x00000151c812f270
RIP=0x00007ffc5d126557, EFLAGS=0x0000000000010206


Register to memory mapping:

RIP=0x00007ffc5d126557 glass.dll
RAX=0x0 is NULL
RBX=0x0000015182959e38 is a global jni handle
RCX=0x000001518294bd70 points into unknown readable memory: 0x00007ffc0d2e2650 | 50 26 2e 0d fc 7f 00 00
RDX=0x0000000c80efecf0 points into unknown readable memory: 0x0000000000000000 | 00 00 00 00 00 00 00 00
RSP=0x0000000c80efecf0 points into unknown readable memory: 0x0000000000000000 | 00 00 00 00 00 00 00 00
RBP=0x00000151c812f298 points into unknown readable memory: 0x000004312cf16c8a | 8a 6c f1 2c 31 04 00 00
RSI=0x00000151c812f270 points into unknown readable memory: 0x01fff54564178c8a | 8a 8c 17 64 45 f5 ff 01
RDI=0x000004312cf16c8a is an unknown value
R8 =0x0000000000010002 is an unknown value
R9 =0x000004312cf16c8a is an unknown value
R10=0x0000000000008000 is an unknown value
R11=0x0000000c80efec80 points into unknown readable memory: 0x00000151c812f270 | 70 f2 12 c8 51 01 00 00
R12=0x00007ffc5d123ea0 glass.dll
R13=0x00007ffc0d4b30a0 jvm.dll
R14=0x0000000c80efede8 points into unknown readable memory: 0x0000000c80efedd0 | d0 ed ef 80 0c 00 00 00
R15=0x00000151c812f270 points into unknown readable memory: 0x01fff54564178c8a | 8a 8c 17 64 45 f5 ff 01


Top of Stack: (sp=0x0000000c80efecf0)
0x0000000c80efecf0:   0000000000000000 00000151c812f270
0x0000000c80efed00:   00007ffc0d4b30a0 00007ffc5d123ea0
0x0000000c80efed10:   00000151c812f278 00007ffc7f8942d6
0x0000000c80efed20:   000004312cf16c8a 0000015100000000
0x0000000c80efed30:   00000151c812f298 00000151c812f270
0x0000000c80efed40:   fffffffffffffffe 0000000000000000
0x0000000c80efed50:   0000000000000001 00007ffc5d100000
0x0000000c80efed60:   0000000c80efedd8 00007ffc7f8941fb
0x0000000c80efed70:   0000000000000000 0000000c80efede8
0x0000000c80efed80:   0000000c80eff0c0 00007ffc7f970e40
0x0000000c80efed90:   0000000000000001 00007ffc7f8941b4
0x0000000c80efeda0:   0000000000000000 0000000000000001
0x0000000c80efedb0:   00007ffc00000001 0000000c80efedd8
0x0000000c80efedc0:   0000000000000000 00007ffc5d123d2d
0x0000000c80efedd0:   00007ffc5d13a008 00007ffc00000002
0x0000000c80efede0:   0000000000000002 0000000c80efedd0
0x0000000c80efedf0:   0000000000000000 00007ffc81949993
0x0000000c80efee00:   0000000000000000 00007ffc5d123e52
0x0000000c80efee10:   0000000000000001 0000000000000000
0x0000000c80efee20:   0000000000000010 0000000000000001
0x0000000c80efee30:   00007ffc6e88b2f0 0000000000000000
0x0000000c80efee40:   0000000000000001 00007ffc6e88b810
0x0000000c80efee50:   00007ffc5d100000 000000007ffe0384
0x0000000c80efee60:   0000000000000000 00007ffc81949a1d
0x0000000c80efee70:   00007ffc5d100000 0000000000000000
0x0000000c80efee80:   0000000000000001 000000007ffe0385
0x0000000c80efee90:   0000000000000000 00007ffc8198de41
0x0000000c80efeea0:   0000cf7a08e79400 0000000000000014
0x0000000c80efeeb0:   00007ffc5d123ea0 0000000000000000
0x0000000c80efeec0:   0000000000000000 0000000c803b1000
0x0000000c80efeed0:   00000151c80bd0a0 00007ffc8198dcda
0x0000000c80efeee0:   00000151c80bd670 00007ffc5d100000 

Instructions: (pc=0x00007ffc5d126557)
0x00007ffc5d126457:   8b 4d 58 e8 8d cf ff ff 48 8b 4d 60 e8 84 cf ff
0x00007ffc5d126467:   ff 48 8b 95 80 00 00 00 48 8b 8d 18 01 00 00 e8
0x00007ffc5d126477:   76 c4 ff ff 33 d2 33 c9 e8 cc e1 ff ff 90 48 89
0x00007ffc5d126487:   54 24 10 55 48 83 ec 20 48 8b ea 48 b8 00 00 00
0x00007ffc5d126497:   00 00 00 00 00 48 83 c4 20 5d c3 cc 40 55 48 8b
0x00007ffc5d1264a7:   ea 48 8b 01 33 c9 81 38 05 00 00 c0 0f 94 c1 8b
0x00007ffc5d1264b7:   c1 5d c3 cc 40 55 48 83 ec 20 48 8b ea 8a 4d 40
0x00007ffc5d1264c7:   48 83 c4 20 5d e9 73 d3 ff ff cc 40 55 48 83 ec
0x00007ffc5d1264d7:   20 48 8b ea 8a 4d 20 e8 61 d3 ff ff 90 48 83 c4
0x00007ffc5d1264e7:   20 5d c3 cc 40 55 48 83 ec 20 48 8b ea 48 83 c4
0x00007ffc5d1264f7:   20 5d e9 c2 d1 ff ff cc 40 55 48 83 ec 30 48 8b
0x00007ffc5d126507:   ea 48 8b 01 8b 10 48 89 4c 24 28 89 54 24 20 4c
0x00007ffc5d126517:   8d 0d 63 d6 ff ff 4c 8b 45 70 8b 55 68 48 8b 4d
0x00007ffc5d126527:   60 e8 03 d1 ff ff 90 48 83 c4 30 5d c3 cc cc cc
0x00007ffc5d126537:   cc cc cc cc cc cc cc cc cc 40 53 48 83 ec 20 48
0x00007ffc5d126547:   8b 1d bb 34 01 00 48 85 db 74 16 e8 89 8f ff ff
0x00007ffc5d126557:   4c 8b 00 48 8b d3 48 8b c8 41 ff 90 b0 00 00 00
0x00007ffc5d126567:   90 48 83 c4 20 5b c3 cc cc 40 53 48 83 ec 20 48
0x00007ffc5d126577:   8b 1d 2b 36 01 00 48 85 db 74 57 b8 ff ff ff ff
0x00007ffc5d126587:   f0 0f c1 43 10 83 f8 01 75 3d 48 85 db 74 38 48
0x00007ffc5d126597:   8b 0b 48 85 c9 74 0d ff 15 04 0d 00 00 48 c7 03
0x00007ffc5d1265a7:   00 00 00 00 48 8b 4b 08 48 85 c9 74 0d e8 33 ce
0x00007ffc5d1265b7:   ff ff 48 c7 43 08 00 00 00 00 ba 18 00 00 00 48
0x00007ffc5d1265c7:   8b cb e8 1e ce ff ff 48 c7 05 cf 35 01 00 00 00
0x00007ffc5d1265d7:   00 00 48 83 c4 20 5b c3 cc 40 53 48 83 ec 20 48
0x00007ffc5d1265e7:   8b 1d 9b 35 01 00 48 85 db 74 57 b8 ff ff ff ff
0x00007ffc5d1265f7:   f0 0f c1 43 10 83 f8 01 75 3d 48 85 db 74 38 48
0x00007ffc5d126607:   8b 0b 48 85 c9 74 0d ff 15 94 0c 00 00 48 c7 03
0x00007ffc5d126617:   00 00 00 00 48 8b 4b 08 48 85 c9 74 0d e8 c3 cd
0x00007ffc5d126627:   ff ff 48 c7 43 08 00 00 00 00 ba 18 00 00 00 48
0x00007ffc5d126637:   8b cb e8 ae cd ff ff 48 c7 05 3f 35 01 00 00 00
0x00007ffc5d126647:   00 00 48 83 c4 20 5b c3 cc 40 53 48 83 ec 20 48 


Stack slot to memory mapping:
stack at sp + 0 slots: 0x0 is NULL
stack at sp + 1 slots: 0x00000151c812f270 points into unknown readable memory: 0x01fff54564178c8a | 8a 8c 17 64 45 f5 ff 01
stack at sp + 2 slots: 0x00007ffc0d4b30a0 jvm.dll
stack at sp + 3 slots: 0x00007ffc5d123ea0 glass.dll
stack at sp + 4 slots: 0x00000151c812f278 points into unknown readable memory: 0x000004312cf16c8a | 8a 6c f1 2c 31 04 00 00
stack at sp + 5 slots: 0x00007ffc7f8942d6 ucrtbase.dll
stack at sp + 6 slots: 0x000004312cf16c8a is an unknown value
stack at sp + 7 slots: 0x0000015100000000 is an unknown value

VM_Operation (0x0000000c81efd0c0): Exit, mode: safepoint, requested by thread 0x0000015182b865b0


---------------  P R O C E S S  ---------------

Threads class SMR info:
_java_thread_list=0x00000151ce109430, length=26, elements={
0x00000151de7b7320, 0x0000015182951870, 0x0000015182954dc0, 0x0000015182963200,
0x0000015182966b00, 0x00000151829673e0, 0x0000015182968a70, 0x000001518296e240,
0x0000015182a88120, 0x0000015182a98650, 0x0000015182b860a0, 0x0000015182b87f00,
0x0000015182b84c60, 0x0000015182b88410, 0x0000015182b85170, 0x0000015182b865b0,
0x0000015182b86fd0, 0x0000015182b85b90, 0x0000015182b86ac0, 0x0000015182b85680,
0x0000015182b874e0, 0x00000151cdb26c20, 0x00000151cdb27640, 0x00000151cdb299b0,
0x00000151cdb27b50, 0x00000151cdb28060
}

Java Threads: ( => current thread )
  0x00000151de7b7320 JavaThread "main" [_thread_blocked, id=5164, stack(0x0000000c80800000,0x0000000c80900000)]
  0x0000015182951870 JavaThread "Reference Handler" daemon [_thread_blocked, id=5468, stack(0x0000000c80f00000,0x0000000c81000000)]
  0x0000015182954dc0 JavaThread "Finalizer" daemon [_thread_blocked, id=5184, stack(0x0000000c81000000,0x0000000c81100000)]
  0x0000015182963200 JavaThread "Signal Dispatcher" daemon [_thread_blocked, id=2424, stack(0x0000000c81100000,0x0000000c81200000)]
  0x0000015182966b00 JavaThread "Attach Listener" daemon [_thread_blocked, id=10500, stack(0x0000000c81200000,0x0000000c81300000)]
  0x00000151829673e0 JavaThread "Service Thread" daemon [_thread_blocked, id=11168, stack(0x0000000c81300000,0x0000000c81400000)]
  0x0000015182968a70 JavaThread "Monitor Deflation Thread" daemon [_thread_blocked, id=12212, stack(0x0000000c81400000,0x0000000c81500000)]
  0x000001518296e240 JavaThread "C2 CompilerThread0" daemon [_thread_blocked, id=6696, stack(0x0000000c81500000,0x0000000c81600000)]
  0x0000015182a88120 JavaThread "C1 CompilerThread0" daemon [_thread_blocked, id=11432, stack(0x0000000c81600000,0x0000000c81700000)]
  0x0000015182a98650 JavaThread "Sweeper thread" daemon [_thread_blocked, id=11384, stack(0x0000000c81700000,0x0000000c81800000)]
  0x0000015182b860a0 JavaThread "Common-Cleaner" daemon [_thread_blocked, id=7824, stack(0x0000000c81800000,0x0000000c81900000)]
  0x0000015182b87f00 JavaThread "Monitor Ctrl-Break" daemon [_thread_in_native, id=7352, stack(0x0000000c81a00000,0x0000000c81b00000)]
  0x0000015182b84c60 JavaThread "Notification Thread" daemon [_thread_blocked, id=13092, stack(0x0000000c81b00000,0x0000000c81c00000)]
  0x0000015182b88410 JavaThread "QuantumRenderer-0" daemon [_thread_blocked, id=9600, stack(0x0000000c81900000,0x0000000c81a00000)]
  0x0000015182b85170 JavaThread "InvokeLaterDispatcher" daemon [_thread_blocked, id=1944, stack(0x0000000c81d00000,0x0000000c81e00000)]
  0x0000015182b865b0 JavaThread "JavaFX Application Thread" [_thread_blocked, id=2080, stack(0x0000000c81e00000,0x0000000c81f00000)]
  0x0000015182b86fd0 JavaThread "JavaFX-Launcher" [_thread_blocked, id=13952, stack(0x0000000c82300000,0x0000000c82400000)]
  0x0000015182b85b90 JavaThread "Thread-2" daemon [_thread_in_native, id=15084, stack(0x0000000c82200000,0x0000000c82300000)]
  0x0000015182b86ac0 JavaThread "RMI Scheduler(0)" daemon [_thread_blocked, id=6880, stack(0x0000000c82400000,0x0000000c82500000)]
  0x0000015182b85680 JavaThread "RMI RenewClean-[192.168.102.1:52923]" daemon [_thread_blocked, id=3524, stack(0x0000000c82900000,0x0000000c82a00000)]
  0x0000015182b874e0 JavaThread "RMI GC Daemon" daemon [_thread_blocked, id=1432, stack(0x0000000c82a00000,0x0000000c82b00000)]
  0x00000151cdb26c20 JavaThread "Prism Font Disposer" daemon [_thread_blocked, id=5108, stack(0x0000000c83900000,0x0000000c83a00000)]
  0x00000151cdb27640 JavaThread "Cleaner-0" daemon [_thread_blocked, id=9768, stack(0x0000000c83a00000,0x0000000c83b00000)]
  0x00000151cdb299b0 JavaThread "RMI TCP Accept-0" daemon [_thread_in_native, id=4060, stack(0x0000000c82b00000,0x0000000c82c00000)]
  0x00000151cdb27b50 JavaThread "RMI Reaper" [_thread_blocked, id=3624, stack(0x0000000c82c00000,0x0000000c82d00000)]
  0x00000151cdb28060 JavaThread "RMI TCP Connection(1)-192.168.102.1" daemon [_thread_in_native, id=6824, stack(0x0000000c83b00000,0x0000000c83c00000)]

Other Threads:
=>0x000001518294bd70 VMThread "VM Thread" [stack: 0x0000000c80e00000,0x0000000c80f00000] [id=12580]
  0x00000151de8200b0 GCTaskThread "GC Thread#0" [stack: 0x0000000c80900000,0x0000000c80a00000] [id=5624]
  0x00000151cd7a36b0 GCTaskThread "GC Thread#1" [stack: 0x0000000c82d00000,0x0000000c82e00000] [id=7664]
  0x00000151cd7a2030 GCTaskThread "GC Thread#2" [stack: 0x0000000c82e00000,0x0000000c82f00000] [id=11128]
  0x00000151cd7a3c50 GCTaskThread "GC Thread#3" [stack: 0x0000000c82f00000,0x0000000c83000000] [id=8900]
  0x00000151cd7a25d0 GCTaskThread "GC Thread#4" [stack: 0x0000000c83000000,0x0000000c83100000] [id=11288]
  0x00000151cd7a3980 GCTaskThread "GC Thread#5" [stack: 0x0000000c83100000,0x0000000c83200000] [id=5532]
  0x00000151cd7a2e40 GCTaskThread "GC Thread#6" [stack: 0x0000000c83200000,0x0000000c83300000] [id=12232]
  0x00000151cd7a33e0 GCTaskThread "GC Thread#7" [stack: 0x0000000c83300000,0x0000000c83400000] [id=7572]
  0x00000151dc61df10 ConcurrentGCThread "G1 Main Marker" terminated
  0x00000151dc61e840 ConcurrentGCThread "G1 Conc#0" [stack: 0x0000000c80b00000,0x0000000c80c00000] [id=10428]
  0x0000015182808510 ConcurrentGCThread "G1 Refine#0" terminated
  0x00000151cd7a7c40 ConcurrentGCThread "G1 Refine#1" terminated
  0x00000151c884da20 ConcurrentGCThread "G1 Refine#2" terminated
  0x0000015182bd3d80 ConcurrentGCThread "G1 Refine#3" terminated
  0x00000151c8350010 ConcurrentGCThread "G1 Refine#4" terminated
  0x00000151c8342b50 ConcurrentGCThread "G1 Refine#5" terminated
  0x00000151de86d210 ConcurrentGCThread "G1 Service" terminated

Threads with active compile tasks:

VM state: at safepoint (shutting down)

VM Mutex/Monitor currently owned by a thread:  ([mutex/lock_event])
[0x00000151de7b0770] Threads_lock - owner thread: 0x000001518294bd70
[0x00000151de7b01d0] Heap_lock - owner thread: 0x0000015182b865b0

Heap address: 0x0000000701e00000, size: 4066 MB, Compressed Oops mode: Zero based, Oop shift amount: 3

CDS archive(s) mapped at: [0x0000015183000000-0x0000015183be0000-0x0000015183be0000), size 12451840, SharedBaseAddress: 0x0000015183000000, ArchiveRelocationMode: 1.
Compressed class space mapped at: 0x0000015184000000-0x00000151c4000000, reserved size: 1073741824
Narrow klass base: 0x0000015183000000, Narrow klass shift: 0, Narrow klass range: 0x100000000

GC Precious Log:
 CPUs: 8 total, 8 available
 Memory: 16259M
 Large Page Support: Disabled
 NUMA Support: Disabled
 Compressed Oops: Enabled (Zero based)
 Heap Region Size: 2M
 Heap Min Capacity: 8M
 Heap Initial Capacity: 256M
 Heap Max Capacity: 4066M
 Pre-touch: Disabled
 Parallel Workers: 8
 Concurrent Workers: 2
 Concurrent Refinement Workers: 8
 Periodic GC: Disabled

Heap:
 garbage-first heap   total 262144K, used 19394K [0x0000000701e00000, 0x0000000800000000)
  region size 2048K, 6 young (12288K), 1 survivors (2048K)
 Metaspace       used 19504K, committed 19840K, reserved 1114112K
  class space    used 2882K, committed 3072K, reserved 1048576K

Heap Regions: E=young(eden), S=young(survivor), O=old, HS=humongous(starts), HC=humongous(continues), CS=collection set, F=free, OA=open archive, CA=closed archive, TAMS=top-at-mark-start (previous, next)
|   0|0x0000000701e00000, 0x0000000702000000, 0x0000000702000000|100%| O|  |TAMS 0x0000000701e00000, 0x0000000701e00000| Untracked 
|   1|0x0000000702000000, 0x0000000702200000, 0x0000000702200000|100%| O|  |TAMS 0x0000000702000000, 0x0000000702000000| Untracked 
|   2|0x0000000702200000, 0x0000000702400000, 0x0000000702400000|100%|HS|  |TAMS 0x0000000702200000, 0x0000000702200000| Complete 
|   3|0x0000000702400000, 0x0000000702600000, 0x0000000702600000|100%| O|  |TAMS 0x0000000702400000, 0x0000000702400000| Untracked 
|   4|0x0000000702600000, 0x0000000702800000, 0x0000000702800000|100%| O|  |TAMS 0x0000000702600000, 0x0000000702600000| Untracked 
|   5|0x0000000702800000, 0x00000007028f0800, 0x0000000702a00000| 46%| O|  |TAMS 0x0000000702800000, 0x0000000702800000| Untracked 
|   6|0x0000000702a00000, 0x0000000702a00000, 0x0000000702c00000|  0%| F|  |TAMS 0x0000000702a00000, 0x0000000702a00000| Untracked 
|   7|0x0000000702c00000, 0x0000000702c00000, 0x0000000702e00000|  0%| F|  |TAMS 0x0000000702c00000, 0x0000000702c00000| Untracked 
|   8|0x0000000702e00000, 0x0000000702e00000, 0x0000000703000000|  0%| F|  |TAMS 0x0000000702e00000, 0x0000000702e00000| Untracked 
|   9|0x0000000703000000, 0x0000000703000000, 0x0000000703200000|  0%| F|  |TAMS 0x0000000703000000, 0x0000000703000000| Untracked 
|  10|0x0000000703200000, 0x0000000703200000, 0x0000000703400000|  0%| F|  |TAMS 0x0000000703200000, 0x0000000703200000| Untracked 
|  11|0x0000000703400000, 0x0000000703400000, 0x0000000703600000|  0%| F|  |TAMS 0x0000000703400000, 0x0000000703400000| Untracked 
|  12|0x0000000703600000, 0x0000000703600000, 0x0000000703800000|  0%| F|  |TAMS 0x0000000703600000, 0x0000000703600000| Untracked 
|  13|0x0000000703800000, 0x0000000703800000, 0x0000000703a00000|  0%| F|  |TAMS 0x0000000703800000, 0x0000000703800000| Untracked 
|  14|0x0000000703a00000, 0x0000000703a00000, 0x0000000703c00000|  0%| F|  |TAMS 0x0000000703a00000, 0x0000000703a00000| Untracked 
|  15|0x0000000703c00000, 0x0000000703c00000, 0x0000000703e00000|  0%| F|  |TAMS 0x0000000703c00000, 0x0000000703c00000| Untracked 
|  16|0x0000000703e00000, 0x0000000703e00000, 0x0000000704000000|  0%| F|  |TAMS 0x0000000703e00000, 0x0000000703e00000| Untracked 
|  17|0x0000000704000000, 0x0000000704000000, 0x0000000704200000|  0%| F|  |TAMS 0x0000000704000000, 0x0000000704000000| Untracked 
|  18|0x0000000704200000, 0x0000000704200000, 0x0000000704400000|  0%| F|  |TAMS 0x0000000704200000, 0x0000000704200000| Untracked 
|  19|0x0000000704400000, 0x0000000704400000, 0x0000000704600000|  0%| F|  |TAMS 0x0000000704400000, 0x0000000704400000| Untracked 
|  20|0x0000000704600000, 0x0000000704600000, 0x0000000704800000|  0%| F|  |TAMS 0x0000000704600000, 0x0000000704600000| Untracked 
|  21|0x0000000704800000, 0x0000000704800000, 0x0000000704a00000|  0%| F|  |TAMS 0x0000000704800000, 0x0000000704800000| Untracked 
|  22|0x0000000704a00000, 0x0000000704a00000, 0x0000000704c00000|  0%| F|  |TAMS 0x0000000704a00000, 0x0000000704a00000| Untracked 
|  23|0x0000000704c00000, 0x0000000704c00000, 0x0000000704e00000|  0%| F|  |TAMS 0x0000000704c00000, 0x0000000704c00000| Untracked 
|  24|0x0000000704e00000, 0x0000000704e00000, 0x0000000705000000|  0%| F|  |TAMS 0x0000000704e00000, 0x0000000704e00000| Untracked 
|  25|0x0000000705000000, 0x0000000705000000, 0x0000000705200000|  0%| F|  |TAMS 0x0000000705000000, 0x0000000705000000| Untracked 
|  26|0x0000000705200000, 0x0000000705200000, 0x0000000705400000|  0%| F|  |TAMS 0x0000000705200000, 0x0000000705200000| Untracked 
|  27|0x0000000705400000, 0x0000000705400000, 0x0000000705600000|  0%| F|  |TAMS 0x0000000705400000, 0x0000000705400000| Untracked 
|  28|0x0000000705600000, 0x0000000705600000, 0x0000000705800000|  0%| F|  |TAMS 0x0000000705600000, 0x0000000705600000| Untracked 
|  29|0x0000000705800000, 0x0000000705800000, 0x0000000705a00000|  0%| F|  |TAMS 0x0000000705800000, 0x0000000705800000| Untracked 
|  30|0x0000000705a00000, 0x0000000705a00000, 0x0000000705c00000|  0%| F|  |TAMS 0x0000000705a00000, 0x0000000705a00000| Untracked 
|  31|0x0000000705c00000, 0x0000000705c00000, 0x0000000705e00000|  0%| F|  |TAMS 0x0000000705c00000, 0x0000000705c00000| Untracked 
|  32|0x0000000705e00000, 0x0000000705e00000, 0x0000000706000000|  0%| F|  |TAMS 0x0000000705e00000, 0x0000000705e00000| Untracked 
|  33|0x0000000706000000, 0x0000000706000000, 0x0000000706200000|  0%| F|  |TAMS 0x0000000706000000, 0x0000000706000000| Untracked 
|  34|0x0000000706200000, 0x0000000706200000, 0x0000000706400000|  0%| F|  |TAMS 0x0000000706200000, 0x0000000706200000| Untracked 
|  35|0x0000000706400000, 0x0000000706400000, 0x0000000706600000|  0%| F|  |TAMS 0x0000000706400000, 0x0000000706400000| Untracked 
|  36|0x0000000706600000, 0x0000000706600000, 0x0000000706800000|  0%| F|  |TAMS 0x0000000706600000, 0x0000000706600000| Untracked 
|  37|0x0000000706800000, 0x0000000706800000, 0x0000000706a00000|  0%| F|  |TAMS 0x0000000706800000, 0x0000000706800000| Untracked 
|  38|0x0000000706a00000, 0x0000000706a00000, 0x0000000706c00000|  0%| F|  |TAMS 0x0000000706a00000, 0x0000000706a00000| Untracked 
|  39|0x0000000706c00000, 0x0000000706c00000, 0x0000000706e00000|  0%| F|  |TAMS 0x0000000706c00000, 0x0000000706c00000| Untracked 
|  40|0x0000000706e00000, 0x0000000706e00000, 0x0000000707000000|  0%| F|  |TAMS 0x0000000706e00000, 0x0000000706e00000| Untracked 
|  41|0x0000000707000000, 0x0000000707000000, 0x0000000707200000|  0%| F|  |TAMS 0x0000000707000000, 0x0000000707000000| Untracked 
|  42|0x0000000707200000, 0x0000000707200000, 0x0000000707400000|  0%| F|  |TAMS 0x0000000707200000, 0x0000000707200000| Untracked 
|  43|0x0000000707400000, 0x0000000707400000, 0x0000000707600000|  0%| F|  |TAMS 0x0000000707400000, 0x0000000707400000| Untracked 
|  44|0x0000000707600000, 0x0000000707600000, 0x0000000707800000|  0%| F|  |TAMS 0x0000000707600000, 0x0000000707600000| Untracked 
|  45|0x0000000707800000, 0x0000000707800000, 0x0000000707a00000|  0%| F|  |TAMS 0x0000000707800000, 0x0000000707800000| Untracked 
|  46|0x0000000707a00000, 0x0000000707a00000, 0x0000000707c00000|  0%| F|  |TAMS 0x0000000707a00000, 0x0000000707a00000| Untracked 
|  47|0x0000000707c00000, 0x0000000707c00000, 0x0000000707e00000|  0%| F|  |TAMS 0x0000000707c00000, 0x0000000707c00000| Untracked 
|  48|0x0000000707e00000, 0x0000000707e00000, 0x0000000708000000|  0%| F|  |TAMS 0x0000000707e00000, 0x0000000707e00000| Untracked 
|  49|0x0000000708000000, 0x0000000708000000, 0x0000000708200000|  0%| F|  |TAMS 0x0000000708000000, 0x0000000708000000| Untracked 
|  50|0x0000000708200000, 0x0000000708200000, 0x0000000708400000|  0%| F|  |TAMS 0x0000000708200000, 0x0000000708200000| Untracked 
|  51|0x0000000708400000, 0x0000000708400000, 0x0000000708600000|  0%| F|  |TAMS 0x0000000708400000, 0x0000000708400000| Untracked 
|  52|0x0000000708600000, 0x0000000708600000, 0x0000000708800000|  0%| F|  |TAMS 0x0000000708600000, 0x0000000708600000| Untracked 
|  53|0x0000000708800000, 0x0000000708800000, 0x0000000708a00000|  0%| F|  |TAMS 0x0000000708800000, 0x0000000708800000| Untracked 
|  54|0x0000000708a00000, 0x0000000708a00000, 0x0000000708c00000|  0%| F|  |TAMS 0x0000000708a00000, 0x0000000708a00000| Untracked 
|  55|0x0000000708c00000, 0x0000000708c00000, 0x0000000708e00000|  0%| F|  |TAMS 0x0000000708c00000, 0x0000000708c00000| Untracked 
|  56|0x0000000708e00000, 0x0000000708e00000, 0x0000000709000000|  0%| F|  |TAMS 0x0000000708e00000, 0x0000000708e00000| Untracked 
|  57|0x0000000709000000, 0x0000000709000000, 0x0000000709200000|  0%| F|  |TAMS 0x0000000709000000, 0x0000000709000000| Untracked 
|  58|0x0000000709200000, 0x0000000709200000, 0x0000000709400000|  0%| F|  |TAMS 0x0000000709200000, 0x0000000709200000| Untracked 
|  59|0x0000000709400000, 0x0000000709400000, 0x0000000709600000|  0%| F|  |TAMS 0x0000000709400000, 0x0000000709400000| Untracked 
|  60|0x0000000709600000, 0x0000000709600000, 0x0000000709800000|  0%| F|  |TAMS 0x0000000709600000, 0x0000000709600000| Untracked 
|  61|0x0000000709800000, 0x0000000709800000, 0x0000000709a00000|  0%| F|  |TAMS 0x0000000709800000, 0x0000000709800000| Untracked 
|  62|0x0000000709a00000, 0x0000000709a00000, 0x0000000709c00000|  0%| F|  |TAMS 0x0000000709a00000, 0x0000000709a00000| Untracked 
|  63|0x0000000709c00000, 0x0000000709c00000, 0x0000000709e00000|  0%| F|  |TAMS 0x0000000709c00000, 0x0000000709c00000| Untracked 
|  64|0x0000000709e00000, 0x0000000709e00000, 0x000000070a000000|  0%| F|  |TAMS 0x0000000709e00000, 0x0000000709e00000| Untracked 
|  65|0x000000070a000000, 0x000000070a000000, 0x000000070a200000|  0%| F|  |TAMS 0x000000070a000000, 0x000000070a000000| Untracked 
|  66|0x000000070a200000, 0x000000070a200000, 0x000000070a400000|  0%| F|  |TAMS 0x000000070a200000, 0x000000070a200000| Untracked 
|  67|0x000000070a400000, 0x000000070a400000, 0x000000070a600000|  0%| F|  |TAMS 0x000000070a400000, 0x000000070a400000| Untracked 
|  68|0x000000070a600000, 0x000000070a600000, 0x000000070a800000|  0%| F|  |TAMS 0x000000070a600000, 0x000000070a600000| Untracked 
|  69|0x000000070a800000, 0x000000070a800000, 0x000000070aa00000|  0%| F|  |TAMS 0x000000070a800000, 0x000000070a800000| Untracked 
|  70|0x000000070aa00000, 0x000000070aa00000, 0x000000070ac00000|  0%| F|  |TAMS 0x000000070aa00000, 0x000000070aa00000| Untracked 
|  71|0x000000070ac00000, 0x000000070ac00000, 0x000000070ae00000|  0%| F|  |TAMS 0x000000070ac00000, 0x000000070ac00000| Untracked 
|  72|0x000000070ae00000, 0x000000070ae00000, 0x000000070b000000|  0%| F|  |TAMS 0x000000070ae00000, 0x000000070ae00000| Untracked 
|  73|0x000000070b000000, 0x000000070b000000, 0x000000070b200000|  0%| F|  |TAMS 0x000000070b000000, 0x000000070b000000| Untracked 
|  74|0x000000070b200000, 0x000000070b200000, 0x000000070b400000|  0%| F|  |TAMS 0x000000070b200000, 0x000000070b200000| Untracked 
|  75|0x000000070b400000, 0x000000070b400000, 0x000000070b600000|  0%| F|  |TAMS 0x000000070b400000, 0x000000070b400000| Untracked 
|  76|0x000000070b600000, 0x000000070b600000, 0x000000070b800000|  0%| F|  |TAMS 0x000000070b600000, 0x000000070b600000| Untracked 
|  77|0x000000070b800000, 0x000000070b800000, 0x000000070ba00000|  0%| F|  |TAMS 0x000000070b800000, 0x000000070b800000| Untracked 
|  78|0x000000070ba00000, 0x000000070ba00000, 0x000000070bc00000|  0%| F|  |TAMS 0x000000070ba00000, 0x000000070ba00000| Untracked 
|  79|0x000000070bc00000, 0x000000070bc00000, 0x000000070be00000|  0%| F|  |TAMS 0x000000070bc00000, 0x000000070bc00000| Untracked 
|  80|0x000000070be00000, 0x000000070be00000, 0x000000070c000000|  0%| F|  |TAMS 0x000000070be00000, 0x000000070be00000| Untracked 
|  81|0x000000070c000000, 0x000000070c000000, 0x000000070c200000|  0%| F|  |TAMS 0x000000070c000000, 0x000000070c000000| Untracked 
|  82|0x000000070c200000, 0x000000070c200000, 0x000000070c400000|  0%| F|  |TAMS 0x000000070c200000, 0x000000070c200000| Untracked 
|  83|0x000000070c400000, 0x000000070c400000, 0x000000070c600000|  0%| F|  |TAMS 0x000000070c400000, 0x000000070c400000| Untracked 
|  84|0x000000070c600000, 0x000000070c600000, 0x000000070c800000|  0%| F|  |TAMS 0x000000070c600000, 0x000000070c600000| Untracked 
|  85|0x000000070c800000, 0x000000070c800000, 0x000000070ca00000|  0%| F|  |TAMS 0x000000070c800000, 0x000000070c800000| Untracked 
|  86|0x000000070ca00000, 0x000000070ca00000, 0x000000070cc00000|  0%| F|  |TAMS 0x000000070ca00000, 0x000000070ca00000| Untracked 
|  87|0x000000070cc00000, 0x000000070cc00000, 0x000000070ce00000|  0%| F|  |TAMS 0x000000070cc00000, 0x000000070cc00000| Untracked 
|  88|0x000000070ce00000, 0x000000070ce00000, 0x000000070d000000|  0%| F|  |TAMS 0x000000070ce00000, 0x000000070ce00000| Untracked 
|  89|0x000000070d000000, 0x000000070d000000, 0x000000070d200000|  0%| F|  |TAMS 0x000000070d000000, 0x000000070d000000| Untracked 
|  90|0x000000070d200000, 0x000000070d200000, 0x000000070d400000|  0%| F|  |TAMS 0x000000070d200000, 0x000000070d200000| Untracked 
|  91|0x000000070d400000, 0x000000070d400000, 0x000000070d600000|  0%| F|  |TAMS 0x000000070d400000, 0x000000070d400000| Untracked 
|  92|0x000000070d600000, 0x000000070d600000, 0x000000070d800000|  0%| F|  |TAMS 0x000000070d600000, 0x000000070d600000| Untracked 
|  93|0x000000070d800000, 0x000000070d800000, 0x000000070da00000|  0%| F|  |TAMS 0x000000070d800000, 0x000000070d800000| Untracked 
|  94|0x000000070da00000, 0x000000070da00000, 0x000000070dc00000|  0%| F|  |TAMS 0x000000070da00000, 0x000000070da00000| Untracked 
|  95|0x000000070dc00000, 0x000000070dc00000, 0x000000070de00000|  0%| F|  |TAMS 0x000000070dc00000, 0x000000070dc00000| Untracked 
|  96|0x000000070de00000, 0x000000070de00000, 0x000000070e000000|  0%| F|  |TAMS 0x000000070de00000, 0x000000070de00000| Untracked 
|  97|0x000000070e000000, 0x000000070e000000, 0x000000070e200000|  0%| F|  |TAMS 0x000000070e000000, 0x000000070e000000| Untracked 
|  98|0x000000070e200000, 0x000000070e200000, 0x000000070e400000|  0%| F|  |TAMS 0x000000070e200000, 0x000000070e200000| Untracked 
|  99|0x000000070e400000, 0x000000070e400000, 0x000000070e600000|  0%| F|  |TAMS 0x000000070e400000, 0x000000070e400000| Untracked 
| 100|0x000000070e600000, 0x000000070e600000, 0x000000070e800000|  0%| F|  |TAMS 0x000000070e600000, 0x000000070e600000| Untracked 
| 101|0x000000070e800000, 0x000000070e800000, 0x000000070ea00000|  0%| F|  |TAMS 0x000000070e800000, 0x000000070e800000| Untracked 
| 102|0x000000070ea00000, 0x000000070ea00000, 0x000000070ec00000|  0%| F|  |TAMS 0x000000070ea00000, 0x000000070ea00000| Untracked 
| 103|0x000000070ec00000, 0x000000070ec00000, 0x000000070ee00000|  0%| F|  |TAMS 0x000000070ec00000, 0x000000070ec00000| Untracked 
| 104|0x000000070ee00000, 0x000000070ee00000, 0x000000070f000000|  0%| F|  |TAMS 0x000000070ee00000, 0x000000070ee00000| Untracked 
| 105|0x000000070f000000, 0x000000070f000000, 0x000000070f200000|  0%| F|  |TAMS 0x000000070f000000, 0x000000070f000000| Untracked 
| 106|0x000000070f200000, 0x000000070f200000, 0x000000070f400000|  0%| F|  |TAMS 0x000000070f200000, 0x000000070f200000| Untracked 
| 107|0x000000070f400000, 0x000000070f400000, 0x000000070f600000|  0%| F|  |TAMS 0x000000070f400000, 0x000000070f400000| Untracked 
| 108|0x000000070f600000, 0x000000070f600000, 0x000000070f800000|  0%| F|  |TAMS 0x000000070f600000, 0x000000070f600000| Untracked 
| 109|0x000000070f800000, 0x000000070f800000, 0x000000070fa00000|  0%| F|  |TAMS 0x000000070f800000, 0x000000070f800000| Untracked 
| 110|0x000000070fa00000, 0x000000070fa00000, 0x000000070fc00000|  0%| F|  |TAMS 0x000000070fa00000, 0x000000070fa00000| Untracked 
| 111|0x000000070fc00000, 0x000000070fc00000, 0x000000070fe00000|  0%| F|  |TAMS 0x000000070fc00000, 0x000000070fc00000| Untracked 
| 112|0x000000070fe00000, 0x000000070fe00000, 0x0000000710000000|  0%| F|  |TAMS 0x000000070fe00000, 0x000000070fe00000| Untracked 
| 113|0x0000000710000000, 0x0000000710000000, 0x0000000710200000|  0%| F|  |TAMS 0x0000000710000000, 0x0000000710000000| Untracked 
| 114|0x0000000710200000, 0x0000000710200000, 0x0000000710400000|  0%| F|  |TAMS 0x0000000710200000, 0x0000000710200000| Untracked 
| 115|0x0000000710400000, 0x0000000710400000, 0x0000000710600000|  0%| F|  |TAMS 0x0000000710400000, 0x0000000710400000| Untracked 
| 116|0x0000000710600000, 0x0000000710600000, 0x0000000710800000|  0%| F|  |TAMS 0x0000000710600000, 0x0000000710600000| Untracked 
| 117|0x0000000710800000, 0x0000000710800000, 0x0000000710a00000|  0%| F|  |TAMS 0x0000000710800000, 0x0000000710800000| Untracked 
| 118|0x0000000710a00000, 0x0000000710a00000, 0x0000000710c00000|  0%| F|  |TAMS 0x0000000710a00000, 0x0000000710a00000| Untracked 
| 119|0x0000000710c00000, 0x0000000710c00000, 0x0000000710e00000|  0%| F|  |TAMS 0x0000000710c00000, 0x0000000710c00000| Untracked 
| 120|0x0000000710e00000, 0x0000000710e00000, 0x0000000711000000|  0%| F|  |TAMS 0x0000000710e00000, 0x0000000710e00000| Untracked 
| 121|0x0000000711000000, 0x0000000711000000, 0x0000000711200000|  0%| F|  |TAMS 0x0000000711000000, 0x0000000711000000| Untracked 
| 122|0x0000000711200000, 0x00000007112c1a00, 0x0000000711400000| 37%| E|  |TAMS 0x0000000711200000, 0x0000000711200000| Complete 
| 123|0x0000000711400000, 0x0000000711600000, 0x0000000711600000|100%| S|CS|TAMS 0x0000000711400000, 0x0000000711400000| Complete 
| 124|0x0000000711600000, 0x0000000711800000, 0x0000000711800000|100%| E|CS|TAMS 0x0000000711600000, 0x0000000711600000| Complete 
| 125|0x0000000711800000, 0x0000000711a00000, 0x0000000711a00000|100%| E|CS|TAMS 0x0000000711800000, 0x0000000711800000| Complete 
| 126|0x0000000711a00000, 0x0000000711c00000, 0x0000000711c00000|100%| E|CS|TAMS 0x0000000711a00000, 0x0000000711a00000| Complete 
| 127|0x0000000711c00000, 0x0000000711e00000, 0x0000000711e00000|100%| E|  |TAMS 0x0000000711c00000, 0x0000000711c00000| Complete 

Card table byte_map: [0x00000151f6f40000,0x00000151f7740000] _byte_map_base: 0x00000151f3731000

Marking Bits (Prev, Next): (CMBitMap*) 0x00000151de821600, (CMBitMap*) 0x00000151de821640
 Prev Bits: [0x00000151f7f40000, 0x00000151fbec8000)
 Next Bits: [0x00000151fbed0000, 0x00000151ffe58000)

Polling page: 0x00000151dc6e0000

Metaspace:

Usage:
  Non-class:     16.23 MB used.
      Class:      2.81 MB used.
       Both:     19.05 MB used.

Virtual space:
  Non-class space:       64.00 MB reserved,      16.38 MB ( 26%) committed,  1 nodes.
      Class space:        1.00 GB reserved,       3.00 MB ( <1%) committed,  1 nodes.
             Both:        1.06 GB reserved,      19.38 MB (  2%) committed. 

Chunk freelists:
   Non-Class:  15.08 MB
       Class:  13.05 MB
        Both:  28.12 MB

MaxMetaspaceSize: unlimited
CompressedClassSpaceSize: 1.00 GB
Initial GC threshold: 21.00 MB
Current GC threshold: 21.00 MB
CDS: on
MetaspaceReclaimPolicy: balanced
 - commit_granule_bytes: 65536.
 - commit_granule_words: 8192.
 - virtual_space_node_default_size: 8388608.
 - enlarge_chunks_in_place: 1.
 - new_chunks_are_fully_committed: 0.
 - uncommit_free_chunks: 1.
 - use_allocation_guard: 0.
 - handle_deallocations: 1.


Internal statistics:

num_allocs_failed_limit: 0.
num_arena_births: 302.
num_arena_deaths: 0.
num_vsnodes_births: 2.
num_vsnodes_deaths: 0.
num_space_committed: 310.
num_space_uncommitted: 0.
num_chunks_returned_to_freelist: 0.
num_chunks_taken_from_freelist: 958.
num_chunk_merges: 0.
num_chunk_splits: 634.
num_chunks_enlarged: 451.
num_inconsistent_stats: 0.

CodeHeap 'non-profiled nmethods': size=120000Kb used=1287Kb max_used=1287Kb free=118712Kb
 bounds [0x00000151eeee0000, 0x00000151ef150000, 0x00000151f6410000]
CodeHeap 'profiled nmethods': size=120000Kb used=6387Kb max_used=6387Kb free=113612Kb
 bounds [0x00000151e7410000, 0x00000151e7a50000, 0x00000151ee940000]
CodeHeap 'non-nmethods': size=5760Kb used=1454Kb max_used=1509Kb free=4305Kb
 bounds [0x00000151ee940000, 0x00000151eebb0000, 0x00000151eeee0000]
 total_blobs=4100 nmethods=3278 adapters=733
 compilation: enabled
              stopped_count=0, restarted_count=0
 full_count=0

Compilation events (20 events):
Event: 26.007 Thread 0x0000015182a88120 3270       3       com.sun.javafx.scene.text.FontHelper::getNativeFont (10 bytes)
Event: 26.007 Thread 0x0000015182a88120 nmethod 3270 0x00000151e7a47190 code [0x00000151e7a47340, 0x00000151e7a474f8]
Event: 26.007 Thread 0x0000015182a88120 3274       3       jdk.internal.util.ArraysSupport::vectorizedMismatch (268 bytes)
Event: 26.007 Thread 0x0000015182a88120 nmethod 3274 0x00000151e7a47610 code [0x00000151e7a477e0, 0x00000151e7a47c38]
Event: 26.008 Thread 0x0000015182a88120 3271       3       javafx.scene.text.Font$1::getNativeFont (5 bytes)
Event: 26.008 Thread 0x0000015182a88120 nmethod 3271 0x00000151e7a47d90 code [0x00000151e7a47f20, 0x00000151e7a48058]
Event: 26.008 Thread 0x0000015182a88120 3272       3       javafx.scene.control.skin.LabeledSkinBase::isIgnoreGraphic (39 bytes)
Event: 26.008 Thread 0x0000015182a88120 nmethod 3272 0x00000151e7a48110 code [0x00000151e7a48320, 0x00000151e7a48cb8]
Event: 26.008 Thread 0x0000015182a88120 3273       3       com.sun.javafx.text.PrismTextLayout::setContent (85 bytes)
Event: 26.009 Thread 0x0000015182a88120 nmethod 3273 0x00000151e7a48f10 code [0x00000151e7a491a0, 0x00000151e7a4a058]
Event: 26.009 Thread 0x0000015182a88120 3275       3       com.sun.javafx.geom.transform.Translate2D::isIdentity (24 bytes)
Event: 26.009 Thread 0x0000015182a88120 nmethod 3275 0x00000151e7a4a510 code [0x00000151e7a4a6a0, 0x00000151e7a4a898]
Event: 26.071 Thread 0x000001518296e240 3276       4       java.util.WeakHashMap::put (160 bytes)
Event: 26.082 Thread 0x000001518296e240 nmethod 3276 0x00000151ef020b10 code [0x00000151ef020ce0, 0x00000151ef021990]
Event: 27.020 Thread 0x0000015182a88120 3277       3       javafx.scene.Node::isFocusTraversable (19 bytes)
Event: 27.021 Thread 0x0000015182a88120 nmethod 3277 0x00000151e7a4a910 code [0x00000151e7a4aac0, 0x00000151e7a4ae48]
Event: 27.021 Thread 0x0000015182a88120 3278       3       javafx.scene.Node::sceneProperty (8 bytes)
Event: 27.021 Thread 0x0000015182a88120 nmethod 3278 0x00000151e7a4af90 code [0x00000151e7a4b160, 0x00000151e7a4b6b8]
Event: 27.021 Thread 0x0000015182a88120 3279       3       javafx.scene.Node::focusSetDirty (25 bytes)
Event: 27.022 Thread 0x0000015182a88120 nmethod 3279 0x00000151e7a4b890 code [0x00000151e7a4bb00, 0x00000151e7a4c9e8]

GC Heap History (4 events):
Event: 2.009 GC heap before
{Heap before GC invocations=0 (full 0):
 garbage-first heap   total 262144K, used 22528K [0x0000000701e00000, 0x0000000800000000)
  region size 2048K, 11 young (22528K), 0 survivors (0K)
 Metaspace       used 14241K, committed 14528K, reserved 1114112K
  class space    used 2024K, committed 2176K, reserved 1048576K
}
Event: 2.016 GC heap after
{Heap after GC invocations=1 (full 0):
 garbage-first heap   total 262144K, used 8082K [0x0000000701e00000, 0x0000000800000000)
  region size 2048K, 2 young (4096K), 2 survivors (4096K)
 Metaspace       used 14241K, committed 14528K, reserved 1114112K
  class space    used 2024K, committed 2176K, reserved 1048576K
}
Event: 13.766 GC heap before
{Heap before GC invocations=1 (full 0):
 garbage-first heap   total 262144K, used 18322K [0x0000000701e00000, 0x0000000800000000)
  region size 2048K, 6 young (12288K), 2 survivors (4096K)
 Metaspace       used 17804K, committed 18112K, reserved 1114112K
  class space    used 2644K, committed 2816K, reserved 1048576K
}
Event: 13.770 GC heap after
{Heap after GC invocations=2 (full 0):
 garbage-first heap   total 262144K, used 13250K [0x0000000701e00000, 0x0000000800000000)
  region size 2048K, 1 young (2048K), 1 survivors (2048K)
 Metaspace       used 17804K, committed 18112K, reserved 1114112K
  class space    used 2644K, committed 2816K, reserved 1048576K
}

Dll operation events (20 events):
Event: 0.226 Loaded shared library C:\Program Files\Zulu\zulu-17\bin\javafx\api-ms-win-crt-locale-l1-1-0.dll
Event: 0.227 Loaded shared library C:\Program Files\Zulu\zulu-17\bin\javafx\api-ms-win-crt-math-l1-1-0.dll
Event: 0.229 Loaded shared library C:\Program Files\Zulu\zulu-17\bin\javafx\api-ms-win-crt-multibyte-l1-1-0.dll
Event: 0.231 Loaded shared library C:\Program Files\Zulu\zulu-17\bin\javafx\api-ms-win-crt-private-l1-1-0.dll
Event: 0.233 Loaded shared library C:\Program Files\Zulu\zulu-17\bin\javafx\api-ms-win-crt-process-l1-1-0.dll
Event: 0.235 Loaded shared library C:\Program Files\Zulu\zulu-17\bin\javafx\api-ms-win-crt-runtime-l1-1-0.dll
Event: 0.236 Loaded shared library C:\Program Files\Zulu\zulu-17\bin\javafx\api-ms-win-crt-stdio-l1-1-0.dll
Event: 0.237 Loaded shared library C:\Program Files\Zulu\zulu-17\bin\javafx\api-ms-win-crt-string-l1-1-0.dll
Event: 0.239 Loaded shared library C:\Program Files\Zulu\zulu-17\bin\javafx\api-ms-win-crt-time-l1-1-0.dll
Event: 0.241 Loaded shared library C:\Program Files\Zulu\zulu-17\bin\javafx\api-ms-win-crt-utility-l1-1-0.dll
Event: 0.242 Loaded shared library C:\Program Files\Zulu\zulu-17\bin\javafx\ucrtbase.dll
Event: 0.244 Loaded shared library C:\Program Files\Zulu\zulu-17\bin\javafx\vcruntime140.dll
Event: 0.245 Loaded shared library C:\Program Files\Zulu\zulu-17\bin\javafx\vcruntime140_1.dll
Event: 0.247 Loaded shared library C:\Program Files\Zulu\zulu-17\bin\javafx\msvcp140.dll
Event: 0.249 Loaded shared library C:\Program Files\Zulu\zulu-17\bin\javafx\msvcp140_1.dll
Event: 0.250 Loaded shared library C:\Program Files\Zulu\zulu-17\bin\javafx\msvcp140_2.dll
Event: 0.280 Loaded shared library C:\Program Files\Zulu\zulu-17\bin\javafx\prism_d3d.dll
Event: 0.307 Loaded shared library C:\Program Files\Zulu\zulu-17\bin\javafx\glass.dll
Event: 0.557 Loaded shared library C:\Program Files\Zulu\zulu-17\bin\javafx\javafx_font.dll
Event: 1.899 Loaded shared library C:\Program Files\Zulu\zulu-17\bin\rmi.dll

Deoptimization events (20 events):
Event: 14.106 Thread 0x0000015182b88410 DEOPT PACKING pc=0x00000151e793ce89 sp=0x0000000c819fd2c0
Event: 14.106 Thread 0x0000015182b88410 DEOPT UNPACKING pc=0x00000151ee997143 sp=0x0000000c819fc710 mode 0
Event: 16.004 Thread 0x0000015182b865b0 Uncommon trap: trap_request=0xffffff45 fr.pc=0x00000151eefede68 relative=0x00000000000000c8
Event: 16.004 Thread 0x0000015182b865b0 Uncommon trap: reason=unstable_if action=reinterpret pc=0x00000151eefede68 method=java.lang.StrictMath.floorOrCeil(DDDD)D @ 38 c2
Event: 16.004 Thread 0x0000015182b865b0 DEOPT PACKING pc=0x00000151eefede68 sp=0x0000000c81efe290
Event: 16.004 Thread 0x0000015182b865b0 DEOPT UNPACKING pc=0x00000151ee9969a3 sp=0x0000000c81efe1b0 mode 2
Event: 16.017 Thread 0x0000015182b865b0 DEOPT PACKING pc=0x00000151e7486a3e sp=0x0000000c81efdad0
Event: 16.017 Thread 0x0000015182b865b0 DEOPT UNPACKING pc=0x00000151ee997143 sp=0x0000000c81efcf70 mode 0
Event: 16.041 Thread 0x0000015182b88410 Uncommon trap: trap_request=0xffffff45 fr.pc=0x00000151eef940e4 relative=0x00000000000008a4
Event: 16.041 Thread 0x0000015182b88410 Uncommon trap: reason=unstable_if action=reinterpret pc=0x00000151eef940e4 method=com.sun.marlin.MaskMarlinAlphaConsumer.setAndClearRelativeAlphas([I[IIII)V @ 414 c2
Event: 16.041 Thread 0x0000015182b88410 DEOPT PACKING pc=0x00000151eef940e4 sp=0x0000000c819fd9f0
Event: 16.041 Thread 0x0000015182b88410 DEOPT UNPACKING pc=0x00000151ee9969a3 sp=0x0000000c819fd8f8 mode 2
Event: 19.007 Thread 0x0000015182b88410 DEOPT PACKING pc=0x00000151e79f295f sp=0x0000000c819fd990
Event: 19.007 Thread 0x0000015182b88410 DEOPT UNPACKING pc=0x00000151ee997143 sp=0x0000000c819fcdf8 mode 0
Event: 19.007 Thread 0x0000015182b88410 DEOPT PACKING pc=0x00000151e79f295f sp=0x0000000c819fd990
Event: 19.008 Thread 0x0000015182b88410 DEOPT UNPACKING pc=0x00000151ee997143 sp=0x0000000c819fcdf8 mode 0
Event: 19.008 Thread 0x0000015182b88410 DEOPT PACKING pc=0x00000151e793ce1c sp=0x0000000c819fdac0
Event: 19.008 Thread 0x0000015182b88410 DEOPT UNPACKING pc=0x00000151ee997143 sp=0x0000000c819fcf10 mode 0
Event: 19.009 Thread 0x0000015182b88410 DEOPT PACKING pc=0x00000151e79f28a2 sp=0x0000000c819fd8d0
Event: 19.009 Thread 0x0000015182b88410 DEOPT UNPACKING pc=0x00000151ee997143 sp=0x0000000c819fcd28 mode 0

Classes unloaded (0 events):
No events

Classes redefined (0 events):
No events

Internal exceptions (20 events):
Event: 1.906 Thread 0x0000015182b85680 Exception <a 'java/lang/InterruptedException'{0x0000000710a00000}> (0x0000000710a00000) 
thrown [s\src\hotspot\share\runtime\objectMonitor.cpp, line 1658]
Event: 1.907 Thread 0x0000015182b85680 Exception <a 'java/lang/NoSuchMethodError'{0x0000000710a016b8}: 'java.lang.Object java.lang.invoke.DirectMethodHandle$Holder.invokeSpecial(java.lang.Object, java.lang.Object, int, java.lang.Object, long)'> (0x0000000710a016b8) 
thrown [s\src\hotspot\share\interpreter\linkResolver.cpp, line 759]
Event: 1.907 Thread 0x0000015182b85680 Exception <a 'java/lang/NoSuchMethodError'{0x0000000710a08d88}: 'java.lang.Object java.lang.invoke.DirectMethodHandle$Holder.newInvokeSpecial(java.lang.Object, java.lang.Object, int, java.lang.Object, long)'> (0x0000000710a08d88) 
thrown [s\src\hotspot\share\interpreter\linkResolver.cpp, line 759]
Event: 1.913 Thread 0x0000015182b865b0 Exception <a 'java/lang/ClassNotFoundException'{0x0000000710a74600}: com/sun/glass/ui/win/themes> (0x0000000710a74600) 
thrown [s\src\hotspot\share\prims\jni.cpp, line 535]
Event: 1.913 Thread 0x0000015182b865b0 Exception <a 'java/lang/ClassNotFoundException'{0x0000000710a7c288}: com/sun/glass/ui/win/themes_en> (0x0000000710a7c288) 
thrown [s\src\hotspot\share\prims\jni.cpp, line 535]
Event: 1.914 Thread 0x0000015182b865b0 Exception <a 'java/lang/ClassNotFoundException'{0x0000000710a83fd0}: com/sun/glass/ui/win/themes_en_US> (0x0000000710a83fd0) 
thrown [s\src\hotspot\share\prims\jni.cpp, line 535]
Event: 1.955 Thread 0x0000015182b865b0 Exception <a 'java/lang/NoSuchMethodError'{0x00000007108f7f78}: 'void java.lang.invoke.DirectMethodHandle$Holder.invokeStaticInit(java.lang.Object, java.lang.Object)'> (0x00000007108f7f78) 
thrown [s\src\hotspot\share\interpreter\linkResolver.cpp, line 759]
Event: 1.963 Thread 0x0000015182b865b0 Exception <a 'java/lang/NoSuchMethodError'{0x000000071090a780}: 'void java.lang.invoke.DirectMethodHandle$Holder.invokeSpecial(java.lang.Object, java.lang.Object, java.lang.Object, java.lang.Object, java.lang.Object)'> (0x000000071090a780) 
thrown [s\src\hotspot\share\interpreter\linkResolver.cpp, line 759]
Event: 1.977 Thread 0x0000015182b865b0 Exception <a 'java/io/FileNotFoundException'{0x0000000710956628}> (0x0000000710956628) 
thrown [s\src\hotspot\share\prims\jni.cpp, line 516]
Event: 2.022 Thread 0x0000015182b865b0 Exception <a 'java/lang/ClassNotFoundException'{0x0000000711c1b4c0}: com/sun/javafx/scene/control/skin/resources/controls> (0x0000000711c1b4c0) 
thrown [s\src\hotspot\share\prims\jni.cpp, line 535]
Event: 2.023 Thread 0x0000015182b865b0 Exception <a 'java/lang/ClassNotFoundException'{0x0000000711c29860}: com/sun/javafx/scene/control/skin/resources/controls_en> (0x0000000711c29860) 
thrown [s\src\hotspot\share\prims\jni.cpp, line 535]
Event: 2.023 Thread 0x0000015182b865b0 Exception <a 'java/lang/ClassNotFoundException'{0x0000000711c2aa38}: com/sun/javafx/scene/control/skin/resources/controls_en_US> (0x0000000711c2aa38) 
thrown [s\src\hotspot\share\prims\jni.cpp, line 535]
Event: 2.047 Thread 0x0000015182b865b0 Implicit null exception at 0x00000151eef2f240 to 0x00000151eef2fbe5
Event: 2.049 Thread 0x0000015182b865b0 Implicit null exception at 0x00000151eef472f4 to 0x00000151eef474ec
Event: 2.050 Thread 0x0000015182b865b0 Exception <a 'java/lang/NoSuchMethodError'{0x0000000711d88d40}: 'void java.lang.invoke.DirectMethodHandle$Holder.invokeSpecial(java.lang.Object, java.lang.Object, java.lang.Object, java.lang.Object, java.lang.Object, java.lang.Object)'> (0x0000000711d88d40) 
thrown [s\src\hotspot\share\interpreter\linkResolver.cpp, line 759]
Event: 2.052 Thread 0x0000015182b865b0 Exception <a 'java/lang/NoSuchMethodError'{0x0000000711da4030}: 'java.lang.Object java.lang.invoke.DirectMethodHandle$Holder.invokeInterface(java.lang.Object, java.lang.Object, java.lang.Object)'> (0x0000000711da4030) 
thrown [s\src\hotspot\share\interpreter\linkResolver.cpp, line 759]
Event: 2.053 Thread 0x0000015182b865b0 Exception <a 'java/lang/IncompatibleClassChangeError'{0x0000000711da7c60}: Found class java.lang.Object, but interface was expected> (0x0000000711da7c60) 
thrown [s\src\hotspot\share\interpreter\linkResolver.cpp, line 826]
Event: 2.055 Thread 0x0000015182b865b0 Implicit null exception at 0x00000151eef4410f to 0x00000151eef44520
Event: 13.790 Thread 0x0000015182b865b0 Exception <a 'java/io/FileNotFoundException'{0x0000000711ca4b18}> (0x0000000711ca4b18) 
thrown [s\src\hotspot\share\prims\jni.cpp, line 516]
Event: 13.974 Thread 0x0000015182b88410 Exception <a 'java/lang/NoSuchMethodError'{0x0000000711de5fb8}: 'java.lang.Object java.lang.invoke.DirectMethodHandle$Holder.invokeStaticInit(java.lang.Object, int)'> (0x0000000711de5fb8) 
thrown [s\src\hotspot\share\interpreter\linkResolver.cpp, line 759]

VM Operations (20 events):
Event: 16.892 Executing VM operation: HandshakeAllThreads done
Event: 16.892 Executing VM operation: Cleanup
Event: 16.892 Executing VM operation: Cleanup done
Event: 18.892 Executing VM operation: Cleanup
Event: 18.892 Executing VM operation: Cleanup done
Event: 19.892 Executing VM operation: Cleanup
Event: 19.892 Executing VM operation: Cleanup done
Event: 20.893 Executing VM operation: Cleanup
Event: 20.893 Executing VM operation: Cleanup done
Event: 21.893 Executing VM operation: Cleanup
Event: 21.893 Executing VM operation: Cleanup done
Event: 22.894 Executing VM operation: Cleanup
Event: 22.894 Executing VM operation: Cleanup done
Event: 23.894 Executing VM operation: Cleanup
Event: 23.894 Executing VM operation: Cleanup done
Event: 25.895 Executing VM operation: Cleanup
Event: 25.895 Executing VM operation: Cleanup done
Event: 26.895 Executing VM operation: Cleanup
Event: 26.896 Executing VM operation: Cleanup done
Event: 27.024 Executing VM operation: Exit

Events (20 events):
Event: 13.905 loading class sun/net/www/protocol/jar/URLJarFile$URLJarFileEntry
Event: 13.905 loading class sun/net/www/protocol/jar/URLJarFile$URLJarFileEntry done
Event: 13.905 loading class sun/net/www/protocol/jar/JarURLConnection$JarURLInputStream
Event: 13.905 loading class sun/net/www/protocol/jar/JarURLConnection$JarURLInputStream done
Event: 13.922 loading class java/lang/invoke/DirectMethodHandle$Special
Event: 13.922 loading class java/lang/invoke/DirectMethodHandle$Special done
Event: 13.958 loading class java/util/UUID
Event: 13.958 loading class java/util/UUID done
Event: 13.958 loading class java/util/UUID$Holder
Event: 13.958 loading class java/util/UUID$Holder done
Event: 16.007 loading class java/util/AbstractMap$SimpleEntry
Event: 16.007 loading class java/util/AbstractMap$SimpleEntry done
Event: 16.019 Thread 0x00000151c8483ae0 Thread added: 0x00000151c8483ae0
Event: 16.891 loading class java/util/ArrayList$ListItr
Event: 16.891 Thread 0x00000151c8483ae0 Thread exited: 0x00000151c8483ae0
Event: 16.891 loading class java/util/ArrayList$ListItr done
Event: 27.022 Thread 0x00000151cdb248b0 Thread added: 0x00000151cdb248b0
Event: 27.022 Thread 0x00000151cdb28570 Thread added: 0x00000151cdb28570
Event: 27.023 Thread 0x00000151cdb28570 Thread exited: 0x00000151cdb28570
Event: 27.024 Thread 0x00000151cdb248b0 Thread exited: 0x00000151cdb248b0


Dynamic libraries:
0x00007ff740a10000 - 0x00007ff740a1e000 	C:\Program Files\Zulu\zulu-17\bin\java.exe
0x00007ffc81930000 - 0x00007ffc81b28000 	C:\Windows\SYSTEM32\ntdll.dll
0x00007ffc80530000 - 0x00007ffc805ed000 	C:\Windows\System32\KERNEL32.DLL
0x00007ffc7f250000 - 0x00007ffc7f546000 	C:\Windows\System32\KERNELBASE.dll
0x00007ffc7f880000 - 0x00007ffc7f980000 	C:\Windows\System32\ucrtbase.dll
0x00007ffc75f40000 - 0x00007ffc75f5b000 	C:\Program Files\Zulu\zulu-17\bin\VCRUNTIME140.dll
0x00007ffc74ba0000 - 0x00007ffc74bb9000 	C:\Program Files\Zulu\zulu-17\bin\jli.dll
0x00007ffc80f60000 - 0x00007ffc810fe000 	C:\Windows\System32\USER32.dll
0x00007ffc7f220000 - 0x00007ffc7f242000 	C:\Windows\System32\win32u.dll
0x00007ffc62e10000 - 0x00007ffc630aa000 	C:\Windows\WinSxS\amd64_microsoft.windows.common-controls_6595b64144ccf1df_6.0.19041.3636_none_60b6a03d71f818d5\COMCTL32.dll
0x00007ffc80490000 - 0x00007ffc8052e000 	C:\Windows\System32\msvcrt.dll
0x00007ffc7fa80000 - 0x00007ffc7faac000 	C:\Windows\System32\GDI32.dll
0x00007ffc7f050000 - 0x00007ffc7f16a000 	C:\Windows\System32\gdi32full.dll
0x00007ffc7f550000 - 0x00007ffc7f5ed000 	C:\Windows\System32\msvcp_win.dll
0x00007ffc7f980000 - 0x00007ffc7f9b0000 	C:\Windows\System32\IMM32.DLL
0x00007ffc75fe0000 - 0x00007ffc75fec000 	C:\Program Files\Zulu\zulu-17\bin\vcruntime140_1.dll
0x00007ffc4d360000 - 0x00007ffc4d3ed000 	C:\Program Files\Zulu\zulu-17\bin\msvcp140.dll
0x00007ffc0c8f0000 - 0x00007ffc0d557000 	C:\Program Files\Zulu\zulu-17\bin\server\jvm.dll
0x00007ffc7f9b0000 - 0x00007ffc7fa63000 	C:\Windows\System32\ADVAPI32.dll
0x00007ffc7ff10000 - 0x00007ffc7ffaf000 	C:\Windows\System32\sechost.dll
0x00007ffc7fc80000 - 0x00007ffc7fda6000 	C:\Windows\System32\RPCRT4.dll
0x00007ffc7f660000 - 0x00007ffc7f687000 	C:\Windows\System32\bcrypt.dll
0x00007ffc7e550000 - 0x00007ffc7e59b000 	C:\Windows\SYSTEM32\POWRPROF.dll
0x00007ffc77400000 - 0x00007ffc77409000 	C:\Windows\SYSTEM32\WSOCK32.dll
0x00007ffc81100000 - 0x00007ffc8116b000 	C:\Windows\System32\WS2_32.dll
0x00007ffc5d4d0000 - 0x00007ffc5d4f7000 	C:\Windows\SYSTEM32\WINMM.dll
0x00007ffc766c0000 - 0x00007ffc766ca000 	C:\Windows\SYSTEM32\VERSION.dll
0x00007ffc7e410000 - 0x00007ffc7e422000 	C:\Windows\SYSTEM32\UMPDC.dll
0x00007ffc7d840000 - 0x00007ffc7d852000 	C:\Windows\SYSTEM32\kernel.appcore.dll
0x00007ffc6d0e0000 - 0x00007ffc6d0ea000 	C:\Program Files\Zulu\zulu-17\bin\jimage.dll
0x00007ffc79bd0000 - 0x00007ffc79db4000 	C:\Windows\SYSTEM32\DBGHELP.DLL
0x00007ffc65380000 - 0x00007ffc653b4000 	C:\Windows\SYSTEM32\dbgcore.DLL
0x00007ffc7f7f0000 - 0x00007ffc7f872000 	C:\Windows\System32\bcryptPrimitives.dll
0x00007ffc773f0000 - 0x00007ffc773fe000 	C:\Program Files\Zulu\zulu-17\bin\instrument.dll
0x00007ffc5cf40000 - 0x00007ffc5cf65000 	C:\Program Files\Zulu\zulu-17\bin\java.dll
0x00007ffc49640000 - 0x00007ffc49717000 	C:\Program Files\Zulu\zulu-17\bin\jsvml.dll
0x00007ffc805f0000 - 0x00007ffc80d35000 	C:\Windows\System32\SHELL32.dll
0x00007ffc7d090000 - 0x00007ffc7d82b000 	C:\Windows\SYSTEM32\windows.storage.dll
0x00007ffc7ffb0000 - 0x00007ffc80304000 	C:\Windows\System32\combase.dll
0x00007ffc7ea30000 - 0x00007ffc7ea5d000 	C:\Windows\SYSTEM32\Wldp.dll
0x00007ffc803e0000 - 0x00007ffc8048d000 	C:\Windows\System32\SHCORE.dll
0x00007ffc7fdc0000 - 0x00007ffc7fe15000 	C:\Windows\System32\shlwapi.dll
0x00007ffc7ef30000 - 0x00007ffc7ef55000 	C:\Windows\SYSTEM32\profapi.dll
0x00007ffc54370000 - 0x00007ffc54388000 	C:\Program Files\Zulu\zulu-17\bin\zip.dll
0x00007ffc5c180000 - 0x00007ffc5c199000 	C:\Program Files\Zulu\zulu-17\bin\net.dll
0x00007ffc71f10000 - 0x00007ffc7201a000 	C:\Windows\SYSTEM32\WINHTTP.dll
0x00007ffc7e790000 - 0x00007ffc7e7fa000 	C:\Windows\system32\mswsock.dll
0x00007ffc54390000 - 0x00007ffc543a6000 	C:\Program Files\Zulu\zulu-17\bin\nio.dll
0x00007ffc77360000 - 0x00007ffc7737a000 	C:\Program Files\JetBrains\IntelliJ IDEA Community Edition 2023.3\bin\breakgen64.dll
0x0000015182e90000 - 0x0000015182e94000 	C:\Program Files\Zulu\zulu-17\bin\javafx\api-ms-win-core-console-l1-1-0.dll
0x0000015182ea0000 - 0x0000015182ea4000 	C:\Program Files\Zulu\zulu-17\bin\javafx\api-ms-win-core-console-l1-2-0.dll
0x0000015182eb0000 - 0x0000015182eb4000 	C:\Program Files\Zulu\zulu-17\bin\javafx\api-ms-win-core-datetime-l1-1-0.dll
0x0000015182ec0000 - 0x0000015182ec4000 	C:\Program Files\Zulu\zulu-17\bin\javafx\api-ms-win-core-debug-l1-1-0.dll
0x0000015182ed0000 - 0x0000015182ed4000 	C:\Program Files\Zulu\zulu-17\bin\javafx\api-ms-win-core-errorhandling-l1-1-0.dll
0x0000015182ee0000 - 0x0000015182ee5000 	C:\Program Files\Zulu\zulu-17\bin\javafx\api-ms-win-core-file-l1-1-0.dll
0x0000015182ef0000 - 0x0000015182ef4000 	C:\Program Files\Zulu\zulu-17\bin\javafx\api-ms-win-core-file-l1-2-0.dll
0x0000015182f00000 - 0x0000015182f04000 	C:\Program Files\Zulu\zulu-17\bin\javafx\api-ms-win-core-file-l2-1-0.dll
0x0000015182f10000 - 0x0000015182f14000 	C:\Program Files\Zulu\zulu-17\bin\javafx\api-ms-win-core-handle-l1-1-0.dll
0x0000015182f20000 - 0x0000015182f24000 	C:\Program Files\Zulu\zulu-17\bin\javafx\api-ms-win-core-heap-l1-1-0.dll
0x0000015182f30000 - 0x0000015182f34000 	C:\Program Files\Zulu\zulu-17\bin\javafx\api-ms-win-core-interlocked-l1-1-0.dll
0x0000015182f40000 - 0x0000015182f44000 	C:\Program Files\Zulu\zulu-17\bin\javafx\api-ms-win-core-libraryloader-l1-1-0.dll
0x0000015182f50000 - 0x0000015182f54000 	C:\Program Files\Zulu\zulu-17\bin\javafx\api-ms-win-core-localization-l1-2-0.dll
0x0000015182f60000 - 0x0000015182f64000 	C:\Program Files\Zulu\zulu-17\bin\javafx\api-ms-win-core-memory-l1-1-0.dll
0x0000015182f70000 - 0x0000015182f74000 	C:\Program Files\Zulu\zulu-17\bin\javafx\api-ms-win-core-namedpipe-l1-1-0.dll
0x0000015182f80000 - 0x0000015182f84000 	C:\Program Files\Zulu\zulu-17\bin\javafx\api-ms-win-core-processenvironment-l1-1-0.dll
0x0000015182f90000 - 0x0000015182f94000 	C:\Program Files\Zulu\zulu-17\bin\javafx\api-ms-win-core-processthreads-l1-1-0.dll
0x0000015182fa0000 - 0x0000015182fa4000 	C:\Program Files\Zulu\zulu-17\bin\javafx\api-ms-win-core-processthreads-l1-1-1.dll
0x0000015182fb0000 - 0x0000015182fb4000 	C:\Program Files\Zulu\zulu-17\bin\javafx\api-ms-win-core-profile-l1-1-0.dll
0x0000015182fc0000 - 0x0000015182fc4000 	C:\Program Files\Zulu\zulu-17\bin\javafx\api-ms-win-core-rtlsupport-l1-1-0.dll
0x0000015182fd0000 - 0x0000015182fd4000 	C:\Program Files\Zulu\zulu-17\bin\javafx\api-ms-win-core-string-l1-1-0.dll
0x0000015182fe0000 - 0x0000015182fe4000 	C:\Program Files\Zulu\zulu-17\bin\javafx\api-ms-win-core-synch-l1-1-0.dll
0x0000015182ff0000 - 0x0000015182ff4000 	C:\Program Files\Zulu\zulu-17\bin\javafx\api-ms-win-core-synch-l1-2-0.dll
0x00000151c8000000 - 0x00000151c8004000 	C:\Program Files\Zulu\zulu-17\bin\javafx\api-ms-win-core-sysinfo-l1-1-0.dll
0x00000151c8010000 - 0x00000151c8014000 	C:\Program Files\Zulu\zulu-17\bin\javafx\api-ms-win-core-timezone-l1-1-0.dll
0x00000151c8020000 - 0x00000151c8024000 	C:\Program Files\Zulu\zulu-17\bin\javafx\api-ms-win-core-util-l1-1-0.dll
0x00000151c8030000 - 0x00000151c8034000 	C:\Program Files\Zulu\zulu-17\bin\javafx\api-ms-win-crt-conio-l1-1-0.dll
0x00000151c8040000 - 0x00000151c8045000 	C:\Program Files\Zulu\zulu-17\bin\javafx\api-ms-win-crt-convert-l1-1-0.dll
0x00000151c8850000 - 0x00000151c8854000 	C:\Program Files\Zulu\zulu-17\bin\javafx\api-ms-win-crt-environment-l1-1-0.dll
0x00000151c8860000 - 0x00000151c8864000 	C:\Program Files\Zulu\zulu-17\bin\javafx\api-ms-win-crt-filesystem-l1-1-0.dll
0x00000151c8870000 - 0x00000151c8874000 	C:\Program Files\Zulu\zulu-17\bin\javafx\api-ms-win-crt-heap-l1-1-0.dll
0x00000151c8880000 - 0x00000151c8884000 	C:\Program Files\Zulu\zulu-17\bin\javafx\api-ms-win-crt-locale-l1-1-0.dll
0x00000151c8890000 - 0x00000151c8896000 	C:\Program Files\Zulu\zulu-17\bin\javafx\api-ms-win-crt-math-l1-1-0.dll
0x00000151c88a0000 - 0x00000151c88a6000 	C:\Program Files\Zulu\zulu-17\bin\javafx\api-ms-win-crt-multibyte-l1-1-0.dll
0x00000151c88b0000 - 0x00000151c88c1000 	C:\Program Files\Zulu\zulu-17\bin\javafx\api-ms-win-crt-private-l1-1-0.dll
0x00000151c88d0000 - 0x00000151c88d4000 	C:\Program Files\Zulu\zulu-17\bin\javafx\api-ms-win-crt-process-l1-1-0.dll
0x00000151c88e0000 - 0x00000151c88e5000 	C:\Program Files\Zulu\zulu-17\bin\javafx\api-ms-win-crt-runtime-l1-1-0.dll
0x00000151c88f0000 - 0x00000151c88f5000 	C:\Program Files\Zulu\zulu-17\bin\javafx\api-ms-win-crt-stdio-l1-1-0.dll
0x00000151c8900000 - 0x00000151c8905000 	C:\Program Files\Zulu\zulu-17\bin\javafx\api-ms-win-crt-string-l1-1-0.dll
0x00000151c8910000 - 0x00000151c8914000 	C:\Program Files\Zulu\zulu-17\bin\javafx\api-ms-win-crt-time-l1-1-0.dll
0x00000151c8920000 - 0x00000151c8924000 	C:\Program Files\Zulu\zulu-17\bin\javafx\api-ms-win-crt-utility-l1-1-0.dll
0x00007ffc516d0000 - 0x00007ffc517e0000 	C:\Program Files\Zulu\zulu-17\bin\javafx\ucrtbase.dll
0x00007ffc772a0000 - 0x00007ffc772bb000 	C:\Program Files\Zulu\zulu-17\bin\javafx\vcruntime140.dll
0x00007ffc773e0000 - 0x00007ffc773ec000 	C:\Program Files\Zulu\zulu-17\bin\javafx\vcruntime140_1.dll
0x00007ffc53bd0000 - 0x00007ffc53c5e000 	C:\Program Files\Zulu\zulu-17\bin\javafx\msvcp140.dll
0x00007ffc76780000 - 0x00007ffc76789000 	C:\Program Files\Zulu\zulu-17\bin\javafx\msvcp140_1.dll
0x00007ffc76210000 - 0x00007ffc76251000 	C:\Program Files\Zulu\zulu-17\bin\javafx\msvcp140_2.dll
0x00007ffc75ee0000 - 0x00007ffc75f10000 	C:\Program Files\Zulu\zulu-17\bin\javafx\prism_d3d.dll
0x00007ffc5f1c0000 - 0x00007ffc5f38d000 	C:\Windows\system32\d3d9.dll
0x00007ffc797d0000 - 0x00007ffc797ff000 	C:\Windows\SYSTEM32\dwmapi.dll
0x00007ffc794c0000 - 0x00007ffc7955e000 	C:\Windows\system32\uxtheme.dll
0x00007ffc1f630000 - 0x00007ffc1f7df000 	C:\Windows\System32\DriverStore\FileRepository\iigd_dch.inf_amd64_51f685305808e3a5\igdumdim64.dll
0x00007ffc81170000 - 0x00007ffc8129b000 	C:\Windows\System32\ole32.dll
0x00007ffc1c580000 - 0x00007ffc1f623000 	C:\Windows\System32\DriverStore\FileRepository\iigd_dch.inf_amd64_51f685305808e3a5\igd9dxva64.dll
0x00007ffc80310000 - 0x00007ffc803dd000 	C:\Windows\System32\OLEAUT32.dll
0x00007ffc81360000 - 0x00007ffc817ce000 	C:\Windows\System32\SETUPAPI.dll
0x00007ffc7f000000 - 0x00007ffc7f04e000 	C:\Windows\System32\cfgmgr32.dll
0x00007ffc70fc0000 - 0x00007ffc713c9000 	C:\Windows\System32\DriverStore\FileRepository\iigd_dch.inf_amd64_51f685305808e3a5\igdgmm64.dll
0x00007ffc5d100000 - 0x00007ffc5d142000 	C:\Program Files\Zulu\zulu-17\bin\javafx\glass.dll
0x00007ffc80dd0000 - 0x00007ffc80eaa000 	C:\Windows\System32\COMDLG32.dll
0x00007ffc817d0000 - 0x00007ffc818e4000 	C:\Windows\System32\MSCTF.dll
0x00007ffc48dd0000 - 0x00007ffc48df7000 	C:\Windows\System32\DriverStore\FileRepository\iigd_dch.inf_amd64_51f685305808e3a5\igdinfo64.dll
0x00007ffc6d5a0000 - 0x00007ffc70d34000 	C:\Windows\System32\DriverStore\FileRepository\iigd_dch.inf_amd64_51f685305808e3a5\igc64.dll
0x00007ffc71ed0000 - 0x00007ffc71f0b000 	C:\Windows\SYSTEM32\dxcore.dll
0x00007ffc656e0000 - 0x00007ffc656f4000 	C:\Program Files\Zulu\zulu-17\bin\javafx\javafx_font.dll
0x00007ffc51e40000 - 0x00007ffc520bf000 	C:\Windows\SYSTEM32\dwrite.dll
0x00007ffc80eb0000 - 0x00007ffc80f59000 	C:\Windows\System32\clbcatq.dll
0x00007ffc750f0000 - 0x00007ffc752a4000 	C:\Windows\SYSTEM32\WindowsCodecs.dll
0x00007ffc50770000 - 0x00007ffc507ae000 	C:\Windows\system32\dataexchange.dll
0x00007ffc77620000 - 0x00007ffc77883000 	C:\Windows\system32\d3d11.dll
0x00007ffc782b0000 - 0x00007ffc78493000 	C:\Windows\system32\dcomp.dll
0x00007ffc7d8b0000 - 0x00007ffc7d9a3000 	C:\Windows\system32\dxgi.dll
0x00007ffc75510000 - 0x00007ffc75713000 	C:\Windows\system32\twinapi.appcore.dll
0x00007ffc5ce30000 - 0x00007ffc5ce64000 	C:\Program Files\Common Files\Microsoft Shared\Ink\rtscom.dll
0x00007ffc63390000 - 0x00007ffc63489000 	C:\Windows\SYSTEM32\textinputframework.dll
0x00007ffc784a0000 - 0x00007ffc787fb000 	C:\Windows\System32\CoreUIComponents.dll
0x00007ffc78b80000 - 0x00007ffc78c72000 	C:\Windows\System32\CoreMessaging.dll
0x00007ffc7e170000 - 0x00007ffc7e1a3000 	C:\Windows\SYSTEM32\ntmarta.dll
0x00007ffc774c0000 - 0x00007ffc77615000 	C:\Windows\SYSTEM32\wintypes.dll

dbghelp: loaded successfully - version: 4.0.5 - missing functions: none
symbol engine: initialized successfully - sym options: 0x614 - pdb path: .;C:\Program Files\Zulu\zulu-17\bin;C:\Windows\SYSTEM32;C:\Windows\WinSxS\amd64_microsoft.windows.common-controls_6595b64144ccf1df_6.0.19041.3636_none_60b6a03d71f818d5;C:\Program Files\Zulu\zulu-17\bin\server;C:\Program Files\JetBrains\IntelliJ IDEA Community Edition 2023.3\bin;C:\Program Files\Zulu\zulu-17\bin\javafx;C:\Windows\System32\DriverStore\FileRepository\iigd_dch.inf_amd64_51f685305808e3a5;C:\Program Files\Common Files\Microsoft Shared\Ink;C:\Program Files\NVIDIA Corporation\nview

VM Arguments:
jvm_args: -javaagent:C:\Program Files\JetBrains\IntelliJ IDEA Community Edition 2023.3\lib\idea_rt.jar=52927:C:\Program Files\JetBrains\IntelliJ IDEA Community Edition 2023.3\bin -Dfile.encoding=UTF-8 
java_command: org.example.Client
java_class_path (initial): C:\Users\pc\Desktop\Chat-App\Chat-App\rmi-modules\Client\target\classes;C:\Users\pc\.m2\repository\ca\pjer\chatter-bot-api\1.4.7\chatter-bot-api-1.4.7.jar;C:\Users\pc\.m2\repository\org\openjfx\javafx-swing\21\javafx-swing-21.jar;C:\Users\pc\.m2\repository\org\openjfx\javafx-swing\21\javafx-swing-21-win.jar;C:\Users\pc\.m2\repository\org\openjfx\javafx-graphics\21\javafx-graphics-21.jar;C:\Users\pc\.m2\repository\org\openjfx\javafx-graphics\21\javafx-graphics-21-win.jar;C:\Users\pc\Desktop\Chat-App\Chat-App\rmi-modules\Shared\target\classes;C:\Users\pc\.m2\repository\org\mapstruct\mapstruct\1.5.3.Final\mapstruct-1.5.3.Final.jar;C:\Users\pc\.m2\repository\org\openjfx\javafx-base\21\javafx-base-21.jar;C:\Users\pc\.m2\repository\org\openjfx\javafx-base\21\javafx-base-21-win.jar;C:\Users\pc\.m2\repository\org\controlsfx\controlsfx\11.1.0\controlsfx-11.1.0.jar;C:\Users\pc\.m2\repository\org\openjfx\javafx-controls\21\javafx-controls-21.jar;C:\Users\pc\.m2\repository\org\openjfx\javafx-controls\21\javafx-controls-21-win.jar;C:\Users\pc\.m2\repository\org\openjfx\javafx-fxml\21\javafx-fxml-21.jar;C:\Users\pc\.m2\repository\org\openjfx\javafx-fxml\21\javafx-fxml-21-win.jar
Launcher Type: SUN_STANDARD

[Global flags]
     intx CICompilerCount                          = 4                                         {product} {ergonomic}
     uint ConcGCThreads                            = 2                                         {product} {ergonomic}
     uint G1ConcRefinementThreads                  = 8                                         {product} {ergonomic}
   size_t G1HeapRegionSize                         = 2097152                                   {product} {ergonomic}
    uintx GCDrainStackTargetSize                   = 64                                        {product} {ergonomic}
   size_t InitialHeapSize                          = 268435456                                 {product} {ergonomic}
   size_t MarkStackSize                            = 4194304                                   {product} {ergonomic}
   size_t MaxHeapSize                              = 4263510016                                {product} {ergonomic}
   size_t MaxNewSize                               = 2556428288                                {product} {ergonomic}
   size_t MinHeapDeltaBytes                        = 2097152                                   {product} {ergonomic}
   size_t MinHeapSize                              = 8388608                                   {product} {ergonomic}
    uintx NonNMethodCodeHeapSize                   = 5839372                                {pd product} {ergonomic}
    uintx NonProfiledCodeHeapSize                  = 122909434                              {pd product} {ergonomic}
    uintx ProfiledCodeHeapSize                     = 122909434                              {pd product} {ergonomic}
    uintx ReservedCodeCacheSize                    = 251658240                              {pd product} {ergonomic}
     bool SegmentedCodeCache                       = true                                      {product} {ergonomic}
   size_t SoftMaxHeapSize                          = 4263510016                             {manageable} {ergonomic}
     bool UseCompressedClassPointers               = true                           {product lp64_product} {ergonomic}
     bool UseCompressedOops                        = true                           {product lp64_product} {ergonomic}
     bool UseG1GC                                  = true                                      {product} {ergonomic}
     bool UseLargePagesIndividualAllocation        = false                                  {pd product} {ergonomic}

Logging:
Log output configuration:
 #0: stdout all=off uptime,level,tags
 #1: stderr all=off uptime,level,tags

Environment Variables:
JAVA_HOME=C:\Program Files\Zulu\zulu-17
PATH=C:\Program Files\Zulu\zulu-17;C:\Program Files\Zulu\zulu-17\bin\;C:\oraclexe\app\oracle\product\11.2.0\server\bin;C:\Program Files (x86)\VMware\VMware Workstation\bin\;C:\Program Files\Common Files\Oracle\Java\javapath;C:\Windows\system32;C:\Windows;C:\Windows\System32\Wbem;C:\Windows\System32\WindowsPowerShell\v1.0\;C:\Windows\System32\OpenSSH\;C:\Program Files (x86)\Intel\Intel(R) Management Engine Components\DAL;C:\Program Files\Intel\Intel(R) Management Engine Components\DAL;C:\Users\pc\AppData\Local\Programs\Python\Python39;C:\Users\pc\AppData\Local\Programs\Python\Python39\Scripts;C:\maven\apache-maven-3.9.6\bin;C:\Program Files\Git\cmd;C:\Program Files\MySQL\MySQL Shell 8.0\bin\;C:\Users\pc\AppData\Local\Programs\Python\Python39\Scripts\;C:\Users\pc\AppData\Local\Programs\Python\Python39\;C:\Users\pc\AppData\Local\Microsoft\WindowsApps;C:\Users\pc\AppData\Local\Programs\Microsoft VS Code\bin;C:\Users\pc\AppData\Local\GitHubDesktop\bin
USERNAME=pc
OS=Windows_NT
PROCESSOR_IDENTIFIER=Intel64 Family 6 Model 158 Stepping 9, GenuineIntel
TMP=C:\Users\pc\AppData\Local\Temp
TEMP=C:\Users\pc\AppData\Local\Temp



Periodic native trim disabled


---------------  S Y S T E M  ---------------

OS:
 Windows 10 , 64 bit Build 19041 (10.0.19041.3636)
OS uptime: 0 days 5:54 hours

CPU: total 8 (initial active 8) (4 cores per cpu, 2 threads per core) family 6 model 158 stepping 9 microcode 0xf0, cx8, cmov, fxsr, ht, mmx, 3dnowpref, sse, sse2, sse3, ssse3, sse4.1, sse4.2, popcnt, lzcnt, tsc, tscinvbit, avx, avx2, aes, erms, clmul, bmi1, bmi2, rtm, adx, fma, vzeroupper, clflush, clflushopt
Processor Information for all 8 processors :
  Max Mhz: 2904, Current Mhz: 2904, Mhz Limit: 2904

Memory: 4k page, system-wide physical 16259M (8209M free)
TotalPageFile size 18691M (AvailPageFile size 6026M)
current process WorkingSet (physical memory assigned to process): 180M, peak: 198M
current process commit charge ("private bytes"): 438M, peak: 453M

vm_info: OpenJDK 64-Bit Server VM (17.0.9+8-LTS) for windows-amd64 JRE (17.0.9+8-LTS) (Zulu17.46+19-CA), built on Oct 11 2023 20:52:37 by "zulu_re" with MS VC++ 16.10 / 16.11 (VS2019)

END.
